Using pre-set license
Built from '2020.3/staging' branch; Version is '2020.3.14f1 (d0d1bb862f9d) revision 13685179'; Using compiler version '192528614'; Build Type 'Release'
OS: 'Windows 10 Home; OS build 19043.1348; Version 2009; 64bit' Language: 'en' Physical Memory: 16309 MB
BatchMode: 1, IsHumanControllingUs: 0, StartBugReporterOnCrash: 0, Is64bit: 1, IsPro: 0

 COMMAND LINE ARGUMENTS:
C:\Program Files\Unity\Hub\Editor\2020.3.14f1\Editor\Unity.exe
-adb2
-batchMode
-noUpm
-name
AssetImportWorker0
-projectPath
F:/Github/ohrwurm/ohrwurm
-logFile
Logs/AssetImportWorker0.log
-srvPort
61164
Successfully changed project path to: F:/Github/ohrwurm/ohrwurm
F:/Github/ohrwurm/ohrwurm
Using Asset Import Pipeline V2.
Refreshing native plugins compatible for Editor in 25.46 ms, found 2 plugins.
Preloading 0 native plugins for Editor in 0.00 ms.
Initialize engine version: 2020.3.14f1 (d0d1bb862f9d)
[Subsystems] Discovering subsystems at path C:/Program Files/Unity/Hub/Editor/2020.3.14f1/Editor/Data/Resources/UnitySubsystems
[Subsystems] Discovering subsystems at path F:/Github/ohrwurm/ohrwurm/Assets
GfxDevice: creating device client; threaded=0
Direct3D:
    Version:  Direct3D 11.0 [level 11.1]
    Renderer: NVIDIA GeForce RTX 3070 (ID=0x2484)
    Vendor:   
    VRAM:     8043 MB
    Driver:   30.0.14.9676
Initialize mono
Mono path[0] = 'C:/Program Files/Unity/Hub/Editor/2020.3.14f1/Editor/Data/Managed'
Mono path[1] = 'C:/Program Files/Unity/Hub/Editor/2020.3.14f1/Editor/Data/MonoBleedingEdge/lib/mono/unityjit'
Mono config path = 'C:/Program Files/Unity/Hub/Editor/2020.3.14f1/Editor/Data/MonoBleedingEdge/etc'
Using monoOptions --debugger-agent=transport=dt_socket,embedding=1,server=y,suspend=n,address=127.0.0.1:56656
Begin MonoManager ReloadAssembly
Registering precompiled unity dll's ...
Register platform support module: C:/Program Files/Unity/Hub/Editor/2020.3.14f1/Editor/Data/PlaybackEngines/WindowsStandaloneSupport/UnityEditor.WindowsStandalone.Extensions.dll
Registered in 0.001948 seconds.
Native extension for WindowsStandalone target not found
Refreshing native plugins compatible for Editor in 24.22 ms, found 2 plugins.
Preloading 0 native plugins for Editor in 0.00 ms.
Mono: successfully reloaded assembly
- Completed reload, in  0.950 seconds
Domain Reload Profiling:
	ReloadAssembly (950ms)
		BeginReloadAssembly (44ms)
			ExecutionOrderSort (0ms)
			DisableScriptedObjects (0ms)
			BackupInstance (0ms)
			ReleaseScriptingObjects (0ms)
			CreateAndSetChildDomain (1ms)
		EndReloadAssembly (332ms)
			LoadAssemblies (42ms)
			RebuildTransferFunctionScriptingTraits (0ms)
			SetupTypeCache (125ms)
			ReleaseScriptCaches (0ms)
			RebuildScriptCaches (26ms)
			SetupLoadedEditorAssemblies (123ms)
				LogAssemblyErrors (0ms)
				InitializePlatformSupportModulesInManaged (3ms)
				SetLoadedEditorAssemblies (0ms)
				RefreshPlugins (24ms)
				BeforeProcessingInitializeOnLoad (8ms)
				ProcessInitializeOnLoadAttributes (65ms)
				ProcessInitializeOnLoadMethodAttributes (22ms)
				AfterProcessingInitializeOnLoad (0ms)
				EditorAssembliesLoaded (0ms)
			ExecutionOrderSort2 (0ms)
			AwakeInstancesAfterBackupRestoration (0ms)
Platform modules already initialized, skipping
Registering precompiled user dll's ...
Registered in 0.002728 seconds.
Begin MonoManager ReloadAssembly
Native extension for WindowsStandalone target not found
Refreshing native plugins compatible for Editor in 0.29 ms, found 2 plugins.
Preloading 0 native plugins for Editor in 0.00 ms.
Mono: successfully reloaded assembly
- Completed reload, in  0.826 seconds
Domain Reload Profiling:
	ReloadAssembly (826ms)
		BeginReloadAssembly (120ms)
			ExecutionOrderSort (0ms)
			DisableScriptedObjects (4ms)
			BackupInstance (0ms)
			ReleaseScriptingObjects (0ms)
			CreateAndSetChildDomain (15ms)
		EndReloadAssembly (653ms)
			LoadAssemblies (69ms)
			RebuildTransferFunctionScriptingTraits (0ms)
			SetupTypeCache (215ms)
			ReleaseScriptCaches (0ms)
			RebuildScriptCaches (38ms)
			SetupLoadedEditorAssemblies (256ms)
				LogAssemblyErrors (0ms)
				InitializePlatformSupportModulesInManaged (4ms)
				SetLoadedEditorAssemblies (0ms)
				RefreshPlugins (0ms)
				BeforeProcessingInitializeOnLoad (78ms)
				ProcessInitializeOnLoadAttributes (163ms)
				ProcessInitializeOnLoadMethodAttributes (3ms)
				AfterProcessingInitializeOnLoad (6ms)
				EditorAssembliesLoaded (0ms)
			ExecutionOrderSort2 (0ms)
			AwakeInstancesAfterBackupRestoration (5ms)
Platform modules already initialized, skipping
========================================================================
Worker process is ready to serve import requests
Launched and connected shader compiler UnityShaderCompiler.exe after 0.04 seconds
Refreshing native plugins compatible for Editor in 0.31 ms, found 2 plugins.
Preloading 0 native plugins for Editor in 0.00 ms.
Unloading 1542 Unused Serialized files (Serialized files now loaded: 0)
System memory in use before: 69.9 MB.
System memory in use after: 69.9 MB.

Unloading 20 unused Assets to reduce memory usage. Loaded Objects now: 1975.
Total: 1.738700 ms (FindLiveObjects: 0.133500 ms CreateObjectMapping: 0.034300 ms MarkObjects: 1.502200 ms  DeleteObjects: 0.067900 ms)

AssetImportParameters requested are different than current active one (requested -> active):
  custom:framework-win-MediaFoundation: 216162199b28c13a410421893ffa2e32 -> 
  custom:video-decoder-ogg-theora: a1e56fd34408186e4bbccfd4996cb3dc -> 
  custom:container-muxer-webm: aa71ff27fc2769a1b78a27578f13a17b -> 
  custom:container-demuxer-webm: 4f35f7cbe854078d1ac9338744f61a02 -> 
  custom:container-demuxer-ogg: 62fdf1f143b41e24485cea50d1cbac27 -> 
  custom:video-encoder-webm-vp8: eb34c28f22e8b96e1ab97ce403110664 -> 
  custom:video-decoder-webm-vp8: 9c59270c3fd7afecdb556c50c9e8de78 -> 
  custom:audio-decoder-ogg-vorbis: bf7c407c2cedff20999df2af8eb42d56 -> 
  custom:audio-encoder-webm-vorbis: bf7c407c2cedff20999df2af8eb42d56 -> 
========================================================================
Received Import Request.
  path: Assets/Game Objects/player.prefab
  artifactKey: Guid(02dfb291a254cf94fb21f472dc7d518d) Importer(815301076,1909f56bfc062723c751e8b465ee728b)
Start importing Assets/Game Objects/player.prefab using Guid(02dfb291a254cf94fb21f472dc7d518d) Importer(815301076,1909f56bfc062723c751e8b465ee728b)  -> (artifact id: '958a1a9e741ac170388d3dc51a7e008b') in 0.098848 seconds 
  Import took 0.101346 seconds .

========================================================================
Received Import Request.
  Time since last request: 0.000213 seconds.
  path: Assets/Game Objects/GameManager.prefab
  artifactKey: Guid(f917a38bbc8d6584886f5d93ea15974b) Importer(815301076,1909f56bfc062723c751e8b465ee728b)
Start importing Assets/Game Objects/GameManager.prefab using Guid(f917a38bbc8d6584886f5d93ea15974b) Importer(815301076,1909f56bfc062723c751e8b465ee728b)  -> (artifact id: 'd712166395a696990aebffcae0a2df9f') in 0.017533 seconds 
  Import took 0.019742 seconds .

========================================================================
Received Import Request.
  Time since last request: 1.477332 seconds.
  path: Assets/Game Objects/spraycan.fbx
  artifactKey: Guid(1b40ed8edbf01014c9a7f191349cdb99) Importer(815301076,1909f56bfc062723c751e8b465ee728b)
Start importing Assets/Game Objects/spraycan.fbx using Guid(1b40ed8edbf01014c9a7f191349cdb99) Importer(815301076,1909f56bfc062723c751e8b465ee728b)  -> (artifact id: '0191e67baa0009843d9d2c987db3fdab') in 0.087478 seconds 
  Import took 0.089860 seconds .

========================================================================
Received Import Request.
  Time since last request: 53.551449 seconds.
  path: Assets/Game Objects/spraycan.prefab
  artifactKey: Guid(ab704097aa2d8e148a1febad7f3c4122) Importer(815301076,1909f56bfc062723c751e8b465ee728b)
Start importing Assets/Game Objects/spraycan.prefab using Guid(ab704097aa2d8e148a1febad7f3c4122) Importer(815301076,1909f56bfc062723c751e8b465ee728b)  -> (artifact id: '1d94220e0a377b2317a0dd971d08b5b3') in 0.009512 seconds 
  Import took 0.011934 seconds .

========================================================================
Received Import Request.
  Time since last request: 0.023834 seconds.
  path: Assets/Game Objects/spraycan.prefab
  artifactKey: Guid(ab704097aa2d8e148a1febad7f3c4122) Importer(815301076,1909f56bfc062723c751e8b465ee728b)
Start importing Assets/Game Objects/spraycan.prefab using Guid(ab704097aa2d8e148a1febad7f3c4122) Importer(815301076,1909f56bfc062723c751e8b465ee728b)  -> (artifact id: '1d94220e0a377b2317a0dd971d08b5b3') in 0.008969 seconds 
  Import took 0.011031 seconds .

========================================================================
Received Import Request.
  Time since last request: 38.030297 seconds.
  path: Assets/Game Objects/spraycan.prefab
  artifactKey: Guid(ab704097aa2d8e148a1febad7f3c4122) Importer(815301076,1909f56bfc062723c751e8b465ee728b)
Start importing Assets/Game Objects/spraycan.prefab using Guid(ab704097aa2d8e148a1febad7f3c4122) Importer(815301076,1909f56bfc062723c751e8b465ee728b)  -> (artifact id: '55207a44b7e75301ed03ab5f7a71fbb4') in 0.009056 seconds 
  Import took 0.011523 seconds .

========================================================================
Received Import Request.
  Time since last request: 25.220692 seconds.
  path: Assets/Game Objects/spraycan.fbx
  artifactKey: Guid(1b40ed8edbf01014c9a7f191349cdb99) Importer(815301076,1909f56bfc062723c751e8b465ee728b)
Start importing Assets/Game Objects/spraycan.fbx using Guid(1b40ed8edbf01014c9a7f191349cdb99) Importer(815301076,1909f56bfc062723c751e8b465ee728b)  -> (artifact id: 'f129ad4a3e34dc13a372e3fca5ba891a') in 0.060913 seconds 
  Import took 0.063250 seconds .

========================================================================
Received Import Request.
  Time since last request: 24.920768 seconds.
  path: Assets/Game Objects/spraycan-particle.fbx
  artifactKey: Guid(86af4e25a6db68b4e8e5b7d2649f02a8) Importer(815301076,1909f56bfc062723c751e8b465ee728b)
Start importing Assets/Game Objects/spraycan-particle.fbx using Guid(86af4e25a6db68b4e8e5b7d2649f02a8) Importer(815301076,1909f56bfc062723c751e8b465ee728b)  -> (artifact id: '4f68d67a1c373d40ac7ebb7c22f1e3dd') in 0.049461 seconds 
  Import took 0.051842 seconds .

========================================================================
Received Import Request.
  Time since last request: 9.888249 seconds.
  path: Assets/Game Objects/spraycan-particle.prefab
  artifactKey: Guid(bba02636c03b3904a8c7ec124971cc7d) Importer(815301076,1909f56bfc062723c751e8b465ee728b)
Start importing Assets/Game Objects/spraycan-particle.prefab using Guid(bba02636c03b3904a8c7ec124971cc7d) Importer(815301076,1909f56bfc062723c751e8b465ee728b)  -> (artifact id: '30fecda35535355d7de9aab2fcc5c36d') in 0.013081 seconds 
  Import took 0.015451 seconds .

========================================================================
Received Import Request.
  Time since last request: 72.634628 seconds.
  path: Assets/3D-Assets/spraycan-particle.fbx
  artifactKey: Guid(86af4e25a6db68b4e8e5b7d2649f02a8) Importer(815301076,1909f56bfc062723c751e8b465ee728b)
Start importing Assets/3D-Assets/spraycan-particle.fbx using Guid(86af4e25a6db68b4e8e5b7d2649f02a8) Importer(815301076,1909f56bfc062723c751e8b465ee728b)  -> (artifact id: 'c8f6b88e228fb8dbd12bd58c534082e1') in 0.055923 seconds 
  Import took 0.058371 seconds .

========================================================================
Received Import Request.
  Time since last request: 43.774638 seconds.
  path: Assets/Game Objects/GameManager.prefab
  artifactKey: Guid(f917a38bbc8d6584886f5d93ea15974b) Importer(815301076,1909f56bfc062723c751e8b465ee728b)
Start importing Assets/Game Objects/GameManager.prefab using Guid(f917a38bbc8d6584886f5d93ea15974b) Importer(815301076,1909f56bfc062723c751e8b465ee728b)  -> (artifact id: 'f055280295f32a111b56cd887b3959ee') in 0.011227 seconds 
  Import took 0.013685 seconds .

========================================================================
Received Import Request.
  Time since last request: 5.089746 seconds.
  path: Assets/Game Objects/spraycan-particle.prefab
  artifactKey: Guid(f0da8e0b621ce0440aaeb69b5d250c3c) Importer(815301076,1909f56bfc062723c751e8b465ee728b)
Start importing Assets/Game Objects/spraycan-particle.prefab using Guid(f0da8e0b621ce0440aaeb69b5d250c3c) Importer(815301076,1909f56bfc062723c751e8b465ee728b)  -> (artifact id: '557b959af2c02df6fb310904f47e0e23') in 0.009826 seconds 
  Import took 0.012238 seconds .

========================================================================
Received Import Request.
  Time since last request: 7.975782 seconds.
  path: Assets/Game Objects/spraycan.prefab
  artifactKey: Guid(f0da8e0b621ce0440aaeb69b5d250c3c) Importer(815301076,1909f56bfc062723c751e8b465ee728b)
Start importing Assets/Game Objects/spraycan.prefab using Guid(f0da8e0b621ce0440aaeb69b5d250c3c) Importer(815301076,1909f56bfc062723c751e8b465ee728b)  -> (artifact id: '6e8cb4a820a07d0a12984db6b4e2011c') in 0.012678 seconds 
  Import took 0.015146 seconds .

========================================================================
Received Import Request.
  Time since last request: 6.576826 seconds.
  path: Assets/Game Objects/spraycan.prefab
  artifactKey: Guid(f0da8e0b621ce0440aaeb69b5d250c3c) Importer(815301076,1909f56bfc062723c751e8b465ee728b)
Start importing Assets/Game Objects/spraycan.prefab using Guid(f0da8e0b621ce0440aaeb69b5d250c3c) Importer(815301076,1909f56bfc062723c751e8b465ee728b)  -> (artifact id: '76a488310937a86846d8c2c2aa596c96') in 0.009114 seconds 
  Import took 0.011595 seconds .

========================================================================
Received Import Request.
  Time since last request: 38.572789 seconds.
  path: Assets/Game Objects/Spray.prefab
  artifactKey: Guid(117bcb0afd4c5ed47b5cb6ad98c16da7) Importer(815301076,1909f56bfc062723c751e8b465ee728b)
Start importing Assets/Game Objects/Spray.prefab using Guid(117bcb0afd4c5ed47b5cb6ad98c16da7) Importer(815301076,1909f56bfc062723c751e8b465ee728b)  -> (artifact id: '12b6bba8b8ce6179e974051a688abcd1') in 0.010501 seconds 
  Import took 0.013137 seconds .

========================================================================
Received Import Request.
  Time since last request: 57.276506 seconds.
  path: Assets/Game Objects/Spray.prefab
  artifactKey: Guid(117bcb0afd4c5ed47b5cb6ad98c16da7) Importer(815301076,1909f56bfc062723c751e8b465ee728b)
Start importing Assets/Game Objects/Spray.prefab using Guid(117bcb0afd4c5ed47b5cb6ad98c16da7) Importer(815301076,1909f56bfc062723c751e8b465ee728b)  -> (artifact id: 'b166e00ac2cc30c8f46c1610cea86381') in 0.007108 seconds 
  Import took 0.009593 seconds .

========================================================================
Received Import Request.
  Time since last request: 8.660075 seconds.
  path: Assets/Game Objects/Spray.prefab
  artifactKey: Guid(117bcb0afd4c5ed47b5cb6ad98c16da7) Importer(815301076,1909f56bfc062723c751e8b465ee728b)
Start importing Assets/Game Objects/Spray.prefab using Guid(117bcb0afd4c5ed47b5cb6ad98c16da7) Importer(815301076,1909f56bfc062723c751e8b465ee728b)  -> (artifact id: 'a86fc23472f9022e6d595d3ed1d8324a') in 0.006548 seconds 
  Import took 0.009086 seconds .

========================================================================
Received Import Request.
  Time since last request: 9.649911 seconds.
  path: Assets/Game Objects/Spray.prefab
  artifactKey: Guid(117bcb0afd4c5ed47b5cb6ad98c16da7) Importer(815301076,1909f56bfc062723c751e8b465ee728b)
Start importing Assets/Game Objects/Spray.prefab using Guid(117bcb0afd4c5ed47b5cb6ad98c16da7) Importer(815301076,1909f56bfc062723c751e8b465ee728b)  -> (artifact id: '69238435241312de5e299c96f8725692') in 0.006456 seconds 
  Import took 0.008917 seconds .

========================================================================
Received Import Request.
  Time since last request: 19.373208 seconds.
  path: Assets/Game Objects/Spray.prefab
  artifactKey: Guid(117bcb0afd4c5ed47b5cb6ad98c16da7) Importer(815301076,1909f56bfc062723c751e8b465ee728b)
Start importing Assets/Game Objects/Spray.prefab using Guid(117bcb0afd4c5ed47b5cb6ad98c16da7) Importer(815301076,1909f56bfc062723c751e8b465ee728b)  -> (artifact id: '3de11e1ab222f9f59f33118e02d9cdfc') in 0.003676 seconds 
  Import took 0.006177 seconds .

========================================================================
Received Import Request.
  Time since last request: 56.881376 seconds.
  path: Assets/Scripts/PlayerController.cs
  artifactKey: Guid(a438532a93fc024469218dc08016be2e) Importer(815301076,1909f56bfc062723c751e8b465ee728b)
Start importing Assets/Scripts/PlayerController.cs using Guid(a438532a93fc024469218dc08016be2e) Importer(815301076,1909f56bfc062723c751e8b465ee728b)  -> (artifact id: '6420e9d63387ca43828969f4785300b7') in 0.004420 seconds 
  Import took 0.006779 seconds .

========================================================================
Received Import Request.
  Time since last request: 0.000346 seconds.
  path: Assets/Scripts/PlayerController.cs
  artifactKey: Guid(a438532a93fc024469218dc08016be2e) Importer(815301076,1909f56bfc062723c751e8b465ee728b)
Start importing Assets/Scripts/PlayerController.cs using Guid(a438532a93fc024469218dc08016be2e) Importer(815301076,1909f56bfc062723c751e8b465ee728b)  -> (artifact id: '6420e9d63387ca43828969f4785300b7') in 0.001728 seconds 
  Import took 0.004013 seconds .

========================================================================
Received Import Request.
  Time since last request: 13.785717 seconds.
  path: Assets/Game Objects/Spray.prefab
  artifactKey: Guid(117bcb0afd4c5ed47b5cb6ad98c16da7) Importer(815301076,1909f56bfc062723c751e8b465ee728b)
Start importing Assets/Game Objects/Spray.prefab using Guid(117bcb0afd4c5ed47b5cb6ad98c16da7) Importer(815301076,1909f56bfc062723c751e8b465ee728b)  -> (artifact id: '10fdbd6da268ddf5e9ab9896529d2f9b') in 0.042265 seconds 
  Import took 0.044762 seconds .

========================================================================
Received Import Request.
  Time since last request: 13.512704 seconds.
  path: Assets/Game Objects/Spray.prefab
  artifactKey: Guid(117bcb0afd4c5ed47b5cb6ad98c16da7) Importer(815301076,1909f56bfc062723c751e8b465ee728b)
Start importing Assets/Game Objects/Spray.prefab using Guid(117bcb0afd4c5ed47b5cb6ad98c16da7) Importer(815301076,1909f56bfc062723c751e8b465ee728b)  -> (artifact id: '34c4905975a18f37f416876b6557b0ef') in 0.007357 seconds 
  Import took 0.009741 seconds .

========================================================================
Received Import Request.
  Time since last request: 6.441914 seconds.
  path: Assets/Game Objects/Spray.prefab
  artifactKey: Guid(117bcb0afd4c5ed47b5cb6ad98c16da7) Importer(815301076,1909f56bfc062723c751e8b465ee728b)
Start importing Assets/Game Objects/Spray.prefab using Guid(117bcb0afd4c5ed47b5cb6ad98c16da7) Importer(815301076,1909f56bfc062723c751e8b465ee728b)  -> (artifact id: '67ef96f51f7a18e2b326165416cc4e17') in 0.006588 seconds 
  Import took 0.009102 seconds .

========================================================================
Received Import Request.
  Time since last request: 5.623778 seconds.
  path: Assets/Game Objects/Spray.prefab
  artifactKey: Guid(117bcb0afd4c5ed47b5cb6ad98c16da7) Importer(815301076,1909f56bfc062723c751e8b465ee728b)
Start importing Assets/Game Objects/Spray.prefab using Guid(117bcb0afd4c5ed47b5cb6ad98c16da7) Importer(815301076,1909f56bfc062723c751e8b465ee728b)  -> (artifact id: '1644dfa9166e04caac47af65bc1f3289') in 0.006795 seconds 
  Import took 0.009336 seconds .

========================================================================
Received Import Request.
  Time since last request: 112.489918 seconds.
  path: Assets/Game Objects/GameManager.prefab
  artifactKey: Guid(f917a38bbc8d6584886f5d93ea15974b) Importer(815301076,1909f56bfc062723c751e8b465ee728b)
Start importing Assets/Game Objects/GameManager.prefab using Guid(f917a38bbc8d6584886f5d93ea15974b) Importer(815301076,1909f56bfc062723c751e8b465ee728b)  -> (artifact id: '543b250613ad2ce64415d64b16a7f803') in 0.011381 seconds 
  Import took 0.013848 seconds .

========================================================================
Received Import Request.
  Time since last request: 0.000139 seconds.
  path: Assets/Game Objects/laserpointer.prefab
  artifactKey: Guid(9aa3065bfe103bc469afe67ef7edaabd) Importer(815301076,1909f56bfc062723c751e8b465ee728b)
Start importing Assets/Game Objects/laserpointer.prefab using Guid(9aa3065bfe103bc469afe67ef7edaabd) Importer(815301076,1909f56bfc062723c751e8b465ee728b)  -> (artifact id: 'eeeda4062e2fba2e68664bc852256c31') in 0.010634 seconds 
  Import took 0.012837 seconds .

========================================================================
Received Import Request.
  Time since last request: 6.008343 seconds.
  path: Assets/Game Objects/GameManager.prefab
  artifactKey: Guid(f917a38bbc8d6584886f5d93ea15974b) Importer(815301076,1909f56bfc062723c751e8b465ee728b)
Start importing Assets/Game Objects/GameManager.prefab using Guid(f917a38bbc8d6584886f5d93ea15974b) Importer(815301076,1909f56bfc062723c751e8b465ee728b)  -> (artifact id: '751a6682ed8e8a9fbc6b4edc4a7f143f') in 0.008788 seconds 
  Import took 0.011224 seconds .

========================================================================
Received Import Request.
  Time since last request: 0.000153 seconds.
  path: Assets/Game Objects/Laser.prefab
  artifactKey: Guid(9aa3065bfe103bc469afe67ef7edaabd) Importer(815301076,1909f56bfc062723c751e8b465ee728b)
Start importing Assets/Game Objects/Laser.prefab using Guid(9aa3065bfe103bc469afe67ef7edaabd) Importer(815301076,1909f56bfc062723c751e8b465ee728b)  -> (artifact id: 'b3c12fa166b5df5c2b4561ade44c055d') in 0.010894 seconds 
  Import took 0.012927 seconds .

========================================================================
Received Import Request.
  Time since last request: 4.463562 seconds.
  path: Assets/Game Objects/GameManager.prefab
  artifactKey: Guid(f917a38bbc8d6584886f5d93ea15974b) Importer(815301076,1909f56bfc062723c751e8b465ee728b)
Start importing Assets/Game Objects/GameManager.prefab using Guid(f917a38bbc8d6584886f5d93ea15974b) Importer(815301076,1909f56bfc062723c751e8b465ee728b)  -> (artifact id: 'd595c14f52c1038d9ab92a0fb68a7458') in 0.012602 seconds 
  Import took 0.015147 seconds .

========================================================================
Received Import Request.
  Time since last request: 0.000189 seconds.
  path: Assets/Game Objects/lotion.prefab
  artifactKey: Guid(176ebb9b516ca3e4eb5240a13480860c) Importer(815301076,1909f56bfc062723c751e8b465ee728b)
Start importing Assets/Game Objects/lotion.prefab using Guid(176ebb9b516ca3e4eb5240a13480860c) Importer(815301076,1909f56bfc062723c751e8b465ee728b)  -> (artifact id: '7b6c4335d2823aee8c5ed484d81a8c16') in 0.038210 seconds 
  Import took 0.040653 seconds .

========================================================================
Received Import Request.
  Time since last request: 4.241219 seconds.
  path: Assets/Game Objects/GameManager.prefab
  artifactKey: Guid(f917a38bbc8d6584886f5d93ea15974b) Importer(815301076,1909f56bfc062723c751e8b465ee728b)
Start importing Assets/Game Objects/GameManager.prefab using Guid(f917a38bbc8d6584886f5d93ea15974b) Importer(815301076,1909f56bfc062723c751e8b465ee728b)  -> (artifact id: '9bf97de0419d0da94c595b423c6a011c') in 0.008055 seconds 
  Import took 0.010501 seconds .

========================================================================
Received Import Request.
  Time since last request: 0.000133 seconds.
  path: Assets/Game Objects/Sticky.prefab
  artifactKey: Guid(176ebb9b516ca3e4eb5240a13480860c) Importer(815301076,1909f56bfc062723c751e8b465ee728b)
Start importing Assets/Game Objects/Sticky.prefab using Guid(176ebb9b516ca3e4eb5240a13480860c) Importer(815301076,1909f56bfc062723c751e8b465ee728b)  -> (artifact id: 'bb3c4af9bf200e339c42340c347614aa') in 0.035716 seconds 
  Import took 0.037860 seconds .

========================================================================
Received Import Request.
  Time since last request: 4.729132 seconds.
  path: Assets/Game Objects/GameManager.prefab
  artifactKey: Guid(f917a38bbc8d6584886f5d93ea15974b) Importer(815301076,1909f56bfc062723c751e8b465ee728b)
Start importing Assets/Game Objects/GameManager.prefab using Guid(f917a38bbc8d6584886f5d93ea15974b) Importer(815301076,1909f56bfc062723c751e8b465ee728b)  -> (artifact id: '7df10a03f2bbc19284a4864408e09d8f') in 0.008187 seconds 
  Import took 0.010609 seconds .

========================================================================
Received Import Request.
  Time since last request: 0.000139 seconds.
  path: Assets/Game Objects/oil.prefab
  artifactKey: Guid(01f734bdfb514aa4c92d4cd26e66d609) Importer(815301076,1909f56bfc062723c751e8b465ee728b)
Start importing Assets/Game Objects/oil.prefab using Guid(01f734bdfb514aa4c92d4cd26e66d609) Importer(815301076,1909f56bfc062723c751e8b465ee728b)  -> (artifact id: 'a1b128047597f75e20309b8b4c7b54d6') in 0.010696 seconds 
  Import took 0.012783 seconds .

========================================================================
Received Import Request.
  Time since last request: 8.719393 seconds.
  path: Assets/Game Objects/GameManager.prefab
  artifactKey: Guid(f917a38bbc8d6584886f5d93ea15974b) Importer(815301076,1909f56bfc062723c751e8b465ee728b)
Start importing Assets/Game Objects/GameManager.prefab using Guid(f917a38bbc8d6584886f5d93ea15974b) Importer(815301076,1909f56bfc062723c751e8b465ee728b)  -> (artifact id: '10d2b7b20f024ae027912ec588ceda09') in 0.006593 seconds 
  Import took 0.009078 seconds .

========================================================================
Received Import Request.
  Time since last request: 0.000130 seconds.
  path: Assets/Game Objects/Slippery.prefab
  artifactKey: Guid(01f734bdfb514aa4c92d4cd26e66d609) Importer(815301076,1909f56bfc062723c751e8b465ee728b)
Start importing Assets/Game Objects/Slippery.prefab using Guid(01f734bdfb514aa4c92d4cd26e66d609) Importer(815301076,1909f56bfc062723c751e8b465ee728b)  -> (artifact id: '1c7fab46725ab8d25f0c0c2f2a46957b') in 0.022642 seconds 
  Import took 0.024897 seconds .

========================================================================
Received Import Request.
  Time since last request: 9.512102 seconds.
  path: Assets/Game Objects/GameManager.prefab
  artifactKey: Guid(f917a38bbc8d6584886f5d93ea15974b) Importer(815301076,1909f56bfc062723c751e8b465ee728b)
Start importing Assets/Game Objects/GameManager.prefab using Guid(f917a38bbc8d6584886f5d93ea15974b) Importer(815301076,1909f56bfc062723c751e8b465ee728b)  -> (artifact id: '5452d7057c1a4755f6eba26fd816650f') in 0.039602 seconds 
  Import took 0.041976 seconds .

========================================================================
Received Import Request.
  Time since last request: 0.563868 seconds.
  path: Assets/Game Objects/GameManager.prefab
  artifactKey: Guid(f917a38bbc8d6584886f5d93ea15974b) Importer(815301076,1909f56bfc062723c751e8b465ee728b)
Start importing Assets/Game Objects/GameManager.prefab using Guid(f917a38bbc8d6584886f5d93ea15974b) Importer(815301076,1909f56bfc062723c751e8b465ee728b)  -> (artifact id: '41a15f29f338e9857de2498f988bfd1c') in 0.017172 seconds 
  Import took 0.019564 seconds .

========================================================================
Received Import Request.
  Time since last request: 0.600284 seconds.
  path: Assets/Game Objects/GameManager.prefab
  artifactKey: Guid(f917a38bbc8d6584886f5d93ea15974b) Importer(815301076,1909f56bfc062723c751e8b465ee728b)
Start importing Assets/Game Objects/GameManager.prefab using Guid(f917a38bbc8d6584886f5d93ea15974b) Importer(815301076,1909f56bfc062723c751e8b465ee728b)  -> (artifact id: 'bea4f37570b8aad48d4096db7f0dd61b') in 0.003600 seconds 
  Import took 0.006065 seconds .

========================================================================
Received Import Request.
  Time since last request: 18.138237 seconds.
  path: Assets/Game Objects/GameManager.prefab
  artifactKey: Guid(f917a38bbc8d6584886f5d93ea15974b) Importer(815301076,1909f56bfc062723c751e8b465ee728b)
Start importing Assets/Game Objects/GameManager.prefab using Guid(f917a38bbc8d6584886f5d93ea15974b) Importer(815301076,1909f56bfc062723c751e8b465ee728b)  -> (artifact id: 'ca758dfb86a928033e428f2a18e12165') in 0.008364 seconds 
  Import took 0.010766 seconds .

========================================================================
Received Import Request.
  Time since last request: 2.868842 seconds.
  path: Assets/Game Objects/GameManager.prefab
  artifactKey: Guid(f917a38bbc8d6584886f5d93ea15974b) Importer(815301076,1909f56bfc062723c751e8b465ee728b)
Start importing Assets/Game Objects/GameManager.prefab using Guid(f917a38bbc8d6584886f5d93ea15974b) Importer(815301076,1909f56bfc062723c751e8b465ee728b)  -> (artifact id: 'b95290d079d516b37f182e0dbc270ae9') in 0.009121 seconds 
  Import took 0.011793 seconds .

========================================================================
Received Import Request.
  Time since last request: 2.049316 seconds.
  path: Assets/Game Objects/GameManager.prefab
  artifactKey: Guid(f917a38bbc8d6584886f5d93ea15974b) Importer(815301076,1909f56bfc062723c751e8b465ee728b)
Start importing Assets/Game Objects/GameManager.prefab using Guid(f917a38bbc8d6584886f5d93ea15974b) Importer(815301076,1909f56bfc062723c751e8b465ee728b)  -> (artifact id: '4cc87f7ad7507bfa976cac460369b7f9') in 0.006953 seconds 
  Import took 0.009343 seconds .

========================================================================
Received Import Request.
  Time since last request: 2.081798 seconds.
  path: Assets/Game Objects/GameManager.prefab
  artifactKey: Guid(f917a38bbc8d6584886f5d93ea15974b) Importer(815301076,1909f56bfc062723c751e8b465ee728b)
Start importing Assets/Game Objects/GameManager.prefab using Guid(f917a38bbc8d6584886f5d93ea15974b) Importer(815301076,1909f56bfc062723c751e8b465ee728b)  -> (artifact id: '2343b11968f493bbf9ade05be0248493') in 0.010916 seconds 
  Import took 0.013387 seconds .

========================================================================
Received Prepare
Registering precompiled user dll's ...
Registered in 0.003630 seconds.
Begin MonoManager ReloadAssembly
Native extension for WindowsStandalone target not found
Refreshing native plugins compatible for Editor in 0.32 ms, found 2 plugins.
Preloading 0 native plugins for Editor in 0.00 ms.
Mono: successfully reloaded assembly
- Completed reload, in  0.795 seconds
Domain Reload Profiling:
	ReloadAssembly (795ms)
		BeginReloadAssembly (90ms)
			ExecutionOrderSort (0ms)
			DisableScriptedObjects (3ms)
			BackupInstance (0ms)
			ReleaseScriptingObjects (0ms)
			CreateAndSetChildDomain (27ms)
		EndReloadAssembly (646ms)
			LoadAssemblies (74ms)
			RebuildTransferFunctionScriptingTraits (0ms)
			SetupTypeCache (227ms)
			ReleaseScriptCaches (1ms)
			RebuildScriptCaches (34ms)
			SetupLoadedEditorAssemblies (235ms)
				LogAssemblyErrors (0ms)
				InitializePlatformSupportModulesInManaged (4ms)
				SetLoadedEditorAssemblies (0ms)
				RefreshPlugins (0ms)
				BeforeProcessingInitializeOnLoad (75ms)
				ProcessInitializeOnLoadAttributes (144ms)
				ProcessInitializeOnLoadMethodAttributes (3ms)
				AfterProcessingInitializeOnLoad (8ms)
				EditorAssembliesLoaded (0ms)
			ExecutionOrderSort2 (0ms)
			AwakeInstancesAfterBackupRestoration (5ms)
Platform modules already initialized, skipping
Refreshing native plugins compatible for Editor in 0.30 ms, found 2 plugins.
Preloading 0 native plugins for Editor in 0.00 ms.
Unloading 1535 Unused Serialized files (Serialized files now loaded: 0)
System memory in use before: 86.8 MB.
System memory in use after: 86.9 MB.

Unloading 15 unused Assets to reduce memory usage. Loaded Objects now: 2022.
Total: 1.609200 ms (FindLiveObjects: 0.134900 ms CreateObjectMapping: 0.035800 ms MarkObjects: 1.391400 ms  DeleteObjects: 0.046100 ms)

AssetImportParameters requested are different than current active one (requested -> active):
  custom:framework-win-MediaFoundation: 216162199b28c13a410421893ffa2e32 -> 
  custom:video-decoder-ogg-theora: a1e56fd34408186e4bbccfd4996cb3dc -> 
  custom:container-muxer-webm: aa71ff27fc2769a1b78a27578f13a17b -> 
  custom:container-demuxer-webm: 4f35f7cbe854078d1ac9338744f61a02 -> 
  custom:container-demuxer-ogg: 62fdf1f143b41e24485cea50d1cbac27 -> 
  custom:video-encoder-webm-vp8: eb34c28f22e8b96e1ab97ce403110664 -> 
  custom:video-decoder-webm-vp8: 9c59270c3fd7afecdb556c50c9e8de78 -> 
  custom:audio-decoder-ogg-vorbis: bf7c407c2cedff20999df2af8eb42d56 -> 
  custom:audio-encoder-webm-vorbis: bf7c407c2cedff20999df2af8eb42d56 -> 
========================================================================
Received Import Request.
  Time since last request: 434.835849 seconds.
  path: Assets/Game Objects/GameManager.prefab
  artifactKey: Guid(f917a38bbc8d6584886f5d93ea15974b) Importer(815301076,1909f56bfc062723c751e8b465ee728b)
Start importing Assets/Game Objects/GameManager.prefab using Guid(f917a38bbc8d6584886f5d93ea15974b) Importer(815301076,1909f56bfc062723c751e8b465ee728b)  -> (artifact id: 'd034daf5f41dbf79a3e7167d829f0d5d') in 0.043791 seconds 
  Import took 0.046395 seconds .

========================================================================
Received Import Request.
  Time since last request: 0.000153 seconds.
  path: Assets/Game Objects/Spray.prefab
  artifactKey: Guid(117bcb0afd4c5ed47b5cb6ad98c16da7) Importer(815301076,1909f56bfc062723c751e8b465ee728b)
Start importing Assets/Game Objects/Spray.prefab using Guid(117bcb0afd4c5ed47b5cb6ad98c16da7) Importer(815301076,1909f56bfc062723c751e8b465ee728b)  -> (artifact id: 'b1ebf6f0d795f71f16fd56d8feee6e4a') in 0.008011 seconds 
  Import took 0.010138 seconds .

========================================================================
Received Import Request.
  Time since last request: 3.124451 seconds.
  path: Assets/Game Objects/GameManager.prefab
  artifactKey: Guid(f917a38bbc8d6584886f5d93ea15974b) Importer(815301076,1909f56bfc062723c751e8b465ee728b)
Start importing Assets/Game Objects/GameManager.prefab using Guid(f917a38bbc8d6584886f5d93ea15974b) Importer(815301076,1909f56bfc062723c751e8b465ee728b)  -> (artifact id: '2a12ceccbde348797064e86897208875') in 0.007625 seconds 
  Import took 0.010032 seconds .

========================================================================
Received Import Request.
  Time since last request: 0.000128 seconds.
  path: Assets/Game Objects/Spray.prefab
  artifactKey: Guid(117bcb0afd4c5ed47b5cb6ad98c16da7) Importer(815301076,1909f56bfc062723c751e8b465ee728b)
Start importing Assets/Game Objects/Spray.prefab using Guid(117bcb0afd4c5ed47b5cb6ad98c16da7) Importer(815301076,1909f56bfc062723c751e8b465ee728b)  -> (artifact id: '518fb0d0e2915c6989c0827eac241e44') in 0.007045 seconds 
  Import took 0.009051 seconds .

========================================================================
Received Import Request.
  Time since last request: 4.208907 seconds.
  path: Assets/Game Objects/GameManager.prefab
  artifactKey: Guid(f917a38bbc8d6584886f5d93ea15974b) Importer(815301076,1909f56bfc062723c751e8b465ee728b)
Start importing Assets/Game Objects/GameManager.prefab using Guid(f917a38bbc8d6584886f5d93ea15974b) Importer(815301076,1909f56bfc062723c751e8b465ee728b)  -> (artifact id: '77a41e13c34abab7b33e0a42d17ef23b') in 0.016503 seconds 
  Import took 0.019031 seconds .

========================================================================
Received Import Request.
  Time since last request: 0.000131 seconds.
  path: Assets/Game Objects/Spray.prefab
  artifactKey: Guid(117bcb0afd4c5ed47b5cb6ad98c16da7) Importer(815301076,1909f56bfc062723c751e8b465ee728b)
Start importing Assets/Game Objects/Spray.prefab using Guid(117bcb0afd4c5ed47b5cb6ad98c16da7) Importer(815301076,1909f56bfc062723c751e8b465ee728b)  -> (artifact id: '3379e1e3f35a0ed77a25b43264d47fd2') in 0.006549 seconds 
  Import took 0.008847 seconds .

========================================================================
Received Import Request.
  Time since last request: 7.826513 seconds.
  path: Assets/Game Objects/GameManager.prefab
  artifactKey: Guid(f917a38bbc8d6584886f5d93ea15974b) Importer(815301076,1909f56bfc062723c751e8b465ee728b)
Start importing Assets/Game Objects/GameManager.prefab using Guid(f917a38bbc8d6584886f5d93ea15974b) Importer(815301076,1909f56bfc062723c751e8b465ee728b)  -> (artifact id: '0a4bc0d8e8e874e44f5210263d91ba05') in 0.007462 seconds 
  Import took 0.009805 seconds .

========================================================================
Received Import Request.
  Time since last request: 0.000138 seconds.
  path: Assets/Game Objects/Spray.prefab
  artifactKey: Guid(117bcb0afd4c5ed47b5cb6ad98c16da7) Importer(815301076,1909f56bfc062723c751e8b465ee728b)
Start importing Assets/Game Objects/Spray.prefab using Guid(117bcb0afd4c5ed47b5cb6ad98c16da7) Importer(815301076,1909f56bfc062723c751e8b465ee728b)  -> (artifact id: '03ff55f8ba12a735ac73bbdc110e7b1b') in 0.006289 seconds 
  Import took 0.008448 seconds .

========================================================================
Received Import Request.
  Time since last request: 3.604878 seconds.
  path: Assets/Game Objects/GameManager.prefab
  artifactKey: Guid(f917a38bbc8d6584886f5d93ea15974b) Importer(815301076,1909f56bfc062723c751e8b465ee728b)
Start importing Assets/Game Objects/GameManager.prefab using Guid(f917a38bbc8d6584886f5d93ea15974b) Importer(815301076,1909f56bfc062723c751e8b465ee728b)  -> (artifact id: 'b58dda863a321263d345feabae6b8159') in 0.008459 seconds 
  Import took 0.010905 seconds .

========================================================================
Received Import Request.
  Time since last request: 0.000138 seconds.
  path: Assets/Game Objects/Spray.prefab
  artifactKey: Guid(117bcb0afd4c5ed47b5cb6ad98c16da7) Importer(815301076,1909f56bfc062723c751e8b465ee728b)
Start importing Assets/Game Objects/Spray.prefab using Guid(117bcb0afd4c5ed47b5cb6ad98c16da7) Importer(815301076,1909f56bfc062723c751e8b465ee728b)  -> (artifact id: 'b8e3e8ecc28e370be52427f8cdb9b200') in 0.013618 seconds 
  Import took 0.015688 seconds .

========================================================================
Received Import Request.
  Time since last request: 6.503479 seconds.
  path: Assets/3D-Assets/spraycan#.fbx
  artifactKey: Guid(86af4e25a6db68b4e8e5b7d2649f02a8) Importer(815301076,1909f56bfc062723c751e8b465ee728b)
Start importing Assets/3D-Assets/spraycan#.fbx using Guid(86af4e25a6db68b4e8e5b7d2649f02a8) Importer(815301076,1909f56bfc062723c751e8b465ee728b)  -> (artifact id: '0b170a217e789fccea5a48c701469dac') in 0.044673 seconds 
  Import took 0.046968 seconds .

========================================================================
Received Import Request.
  Time since last request: 3.163740 seconds.
  path: Assets/3D-Assets/spraycan.fbx
  artifactKey: Guid(86af4e25a6db68b4e8e5b7d2649f02a8) Importer(815301076,1909f56bfc062723c751e8b465ee728b)
Start importing Assets/3D-Assets/spraycan.fbx using Guid(86af4e25a6db68b4e8e5b7d2649f02a8) Importer(815301076,1909f56bfc062723c751e8b465ee728b)  -> (artifact id: '68cae538f4c67a8a4806dee5f2f20ea3') in 0.064748 seconds 
  Import took 0.067189 seconds .

========================================================================
Received Import Request.
  Time since last request: 2228.991168 seconds.
  path: Assets/3D-Assets/New Material.mat
  artifactKey: Guid(3babdd3baa45f0947b325f986cdf33fe) Importer(815301076,1909f56bfc062723c751e8b465ee728b)
Start importing Assets/3D-Assets/New Material.mat using Guid(3babdd3baa45f0947b325f986cdf33fe) Importer(815301076,1909f56bfc062723c751e8b465ee728b)  -> (artifact id: '9331a63c366b53bee9e9471d65f64566') in 0.046596 seconds 
  Import took 0.049369 seconds .

========================================================================
Received Import Request.
  Time since last request: 27.467355 seconds.
  path: ProjectSettings/TagManager.asset
  artifactKey: Guid(00000000000000003000000000000000) Importer(815301076,1909f56bfc062723c751e8b465ee728b)
Start importing ProjectSettings/TagManager.asset using Guid(00000000000000003000000000000000) Importer(815301076,1909f56bfc062723c751e8b465ee728b)  -> (artifact id: '2e2b2bca1c55fd5907fbebec4256e99d') in 0.006867 seconds 
  Import took 0.009215 seconds .

========================================================================
Received Import Request.
  Time since last request: 0.001441 seconds.
  path: ProjectSettings/TagManager.asset
  artifactKey: Guid(00000000000000003000000000000000) Importer(815301076,1909f56bfc062723c751e8b465ee728b)
Start importing ProjectSettings/TagManager.asset using Guid(00000000000000003000000000000000) Importer(815301076,1909f56bfc062723c751e8b465ee728b)  -> (artifact id: '2e2b2bca1c55fd5907fbebec4256e99d') in 0.002591 seconds 
  Import took 0.004561 seconds .

========================================================================
Received Prepare
Registering precompiled user dll's ...
Registered in 0.002710 seconds.
Begin MonoManager ReloadAssembly
Native extension for WindowsStandalone target not found
Refreshing native plugins compatible for Editor in 0.30 ms, found 2 plugins.
Preloading 0 native plugins for Editor in 0.00 ms.
Mono: successfully reloaded assembly
- Completed reload, in  0.778 seconds
Domain Reload Profiling:
	ReloadAssembly (778ms)
		BeginReloadAssembly (88ms)
			ExecutionOrderSort (0ms)
			DisableScriptedObjects (3ms)
			BackupInstance (0ms)
			ReleaseScriptingObjects (0ms)
			CreateAndSetChildDomain (26ms)
		EndReloadAssembly (635ms)
			LoadAssemblies (70ms)
			RebuildTransferFunctionScriptingTraits (0ms)
			SetupTypeCache (219ms)
			ReleaseScriptCaches (1ms)
			RebuildScriptCaches (34ms)
			SetupLoadedEditorAssemblies (235ms)
				LogAssemblyErrors (0ms)
				InitializePlatformSupportModulesInManaged (4ms)
				SetLoadedEditorAssemblies (0ms)
				RefreshPlugins (0ms)
				BeforeProcessingInitializeOnLoad (74ms)
				ProcessInitializeOnLoadAttributes (147ms)
				ProcessInitializeOnLoadMethodAttributes (3ms)
				AfterProcessingInitializeOnLoad (6ms)
				EditorAssembliesLoaded (0ms)
			ExecutionOrderSort2 (0ms)
			AwakeInstancesAfterBackupRestoration (5ms)
Platform modules already initialized, skipping
Refreshing native plugins compatible for Editor in 0.33 ms, found 2 plugins.
Preloading 0 native plugins for Editor in 0.00 ms.
Unloading 1536 Unused Serialized files (Serialized files now loaded: 0)
System memory in use before: 86.9 MB.
System memory in use after: 87.0 MB.

Unloading 17 unused Assets to reduce memory usage. Loaded Objects now: 2027.
Total: 1.706900 ms (FindLiveObjects: 0.188900 ms CreateObjectMapping: 0.036800 ms MarkObjects: 1.435000 ms  DeleteObjects: 0.045000 ms)

AssetImportParameters requested are different than current active one (requested -> active):
  custom:framework-win-MediaFoundation: 216162199b28c13a410421893ffa2e32 -> 
  custom:video-decoder-ogg-theora: a1e56fd34408186e4bbccfd4996cb3dc -> 
  custom:container-muxer-webm: aa71ff27fc2769a1b78a27578f13a17b -> 
  custom:container-demuxer-webm: 4f35f7cbe854078d1ac9338744f61a02 -> 
  custom:container-demuxer-ogg: 62fdf1f143b41e24485cea50d1cbac27 -> 
  custom:video-encoder-webm-vp8: eb34c28f22e8b96e1ab97ce403110664 -> 
  custom:video-decoder-webm-vp8: 9c59270c3fd7afecdb556c50c9e8de78 -> 
  custom:audio-decoder-ogg-vorbis: bf7c407c2cedff20999df2af8eb42d56 -> 
  custom:audio-encoder-webm-vorbis: bf7c407c2cedff20999df2af8eb42d56 -> 
========================================================================
Received Prepare
Registering precompiled user dll's ...
Registered in 0.002720 seconds.
Begin MonoManager ReloadAssembly
Native extension for WindowsStandalone target not found
Refreshing native plugins compatible for Editor in 0.30 ms, found 2 plugins.
Preloading 0 native plugins for Editor in 0.00 ms.
Mono: successfully reloaded assembly
- Completed reload, in  0.770 seconds
Domain Reload Profiling:
	ReloadAssembly (770ms)
		BeginReloadAssembly (85ms)
			ExecutionOrderSort (0ms)
			DisableScriptedObjects (4ms)
			BackupInstance (0ms)
			ReleaseScriptingObjects (0ms)
			CreateAndSetChildDomain (25ms)
		EndReloadAssembly (632ms)
			LoadAssemblies (68ms)
			RebuildTransferFunctionScriptingTraits (0ms)
			SetupTypeCache (217ms)
			ReleaseScriptCaches (1ms)
			RebuildScriptCaches (33ms)
			SetupLoadedEditorAssemblies (235ms)
				LogAssemblyErrors (0ms)
				InitializePlatformSupportModulesInManaged (4ms)
				SetLoadedEditorAssemblies (0ms)
				RefreshPlugins (0ms)
				BeforeProcessingInitializeOnLoad (73ms)
				ProcessInitializeOnLoadAttributes (148ms)
				ProcessInitializeOnLoadMethodAttributes (3ms)
				AfterProcessingInitializeOnLoad (6ms)
				EditorAssembliesLoaded (0ms)
			ExecutionOrderSort2 (0ms)
			AwakeInstancesAfterBackupRestoration (5ms)
Platform modules already initialized, skipping
Refreshing native plugins compatible for Editor in 0.33 ms, found 2 plugins.
Preloading 0 native plugins for Editor in 0.00 ms.
Unloading 1536 Unused Serialized files (Serialized files now loaded: 0)
System memory in use before: 86.9 MB.
System memory in use after: 87.0 MB.

Unloading 15 unused Assets to reduce memory usage. Loaded Objects now: 2030.
Total: 1.691900 ms (FindLiveObjects: 0.150600 ms CreateObjectMapping: 0.034200 ms MarkObjects: 1.460100 ms  DeleteObjects: 0.046100 ms)

AssetImportParameters requested are different than current active one (requested -> active):
  custom:framework-win-MediaFoundation: 216162199b28c13a410421893ffa2e32 -> 
  custom:video-decoder-ogg-theora: a1e56fd34408186e4bbccfd4996cb3dc -> 
  custom:container-muxer-webm: aa71ff27fc2769a1b78a27578f13a17b -> 
  custom:container-demuxer-webm: 4f35f7cbe854078d1ac9338744f61a02 -> 
  custom:container-demuxer-ogg: 62fdf1f143b41e24485cea50d1cbac27 -> 
  custom:video-encoder-webm-vp8: eb34c28f22e8b96e1ab97ce403110664 -> 
  custom:video-decoder-webm-vp8: 9c59270c3fd7afecdb556c50c9e8de78 -> 
  custom:audio-decoder-ogg-vorbis: bf7c407c2cedff20999df2af8eb42d56 -> 
  custom:audio-encoder-webm-vorbis: bf7c407c2cedff20999df2af8eb42d56 -> 
========================================================================
Received Prepare
Registering precompiled user dll's ...
Registered in 0.002789 seconds.
Begin MonoManager ReloadAssembly
Native extension for WindowsStandalone target not found
Refreshing native plugins compatible for Editor in 0.31 ms, found 2 plugins.
Preloading 0 native plugins for Editor in 0.00 ms.
Mono: successfully reloaded assembly
- Completed reload, in  0.754 seconds
Domain Reload Profiling:
	ReloadAssembly (755ms)
		BeginReloadAssembly (81ms)
			ExecutionOrderSort (0ms)
			DisableScriptedObjects (3ms)
			BackupInstance (0ms)
			ReleaseScriptingObjects (0ms)
			CreateAndSetChildDomain (23ms)
		EndReloadAssembly (620ms)
			LoadAssemblies (67ms)
			RebuildTransferFunctionScriptingTraits (0ms)
			SetupTypeCache (210ms)
			ReleaseScriptCaches (1ms)
			RebuildScriptCaches (33ms)
			SetupLoadedEditorAssemblies (233ms)
				LogAssemblyErrors (0ms)
				InitializePlatformSupportModulesInManaged (4ms)
				SetLoadedEditorAssemblies (0ms)
				RefreshPlugins (0ms)
				BeforeProcessingInitializeOnLoad (71ms)
				ProcessInitializeOnLoadAttributes (146ms)
				ProcessInitializeOnLoadMethodAttributes (3ms)
				AfterProcessingInitializeOnLoad (6ms)
				EditorAssembliesLoaded (0ms)
			ExecutionOrderSort2 (0ms)
			AwakeInstancesAfterBackupRestoration (5ms)
Platform modules already initialized, skipping
Refreshing native plugins compatible for Editor in 0.30 ms, found 2 plugins.
Preloading 0 native plugins for Editor in 0.00 ms.
Unloading 1536 Unused Serialized files (Serialized files now loaded: 0)
System memory in use before: 86.9 MB.
System memory in use after: 87.0 MB.

Unloading 15 unused Assets to reduce memory usage. Loaded Objects now: 2033.
Total: 1.626500 ms (FindLiveObjects: 0.148600 ms CreateObjectMapping: 0.033600 ms MarkObjects: 1.399900 ms  DeleteObjects: 0.043600 ms)

AssetImportParameters requested are different than current active one (requested -> active):
  custom:framework-win-MediaFoundation: 216162199b28c13a410421893ffa2e32 -> 
  custom:video-decoder-ogg-theora: a1e56fd34408186e4bbccfd4996cb3dc -> 
  custom:container-muxer-webm: aa71ff27fc2769a1b78a27578f13a17b -> 
  custom:container-demuxer-webm: 4f35f7cbe854078d1ac9338744f61a02 -> 
  custom:container-demuxer-ogg: 62fdf1f143b41e24485cea50d1cbac27 -> 
  custom:video-encoder-webm-vp8: eb34c28f22e8b96e1ab97ce403110664 -> 
  custom:video-decoder-webm-vp8: 9c59270c3fd7afecdb556c50c9e8de78 -> 
  custom:audio-decoder-ogg-vorbis: bf7c407c2cedff20999df2af8eb42d56 -> 
  custom:audio-encoder-webm-vorbis: bf7c407c2cedff20999df2af8eb42d56 -> 
========================================================================
Received Import Request.
  Time since last request: 160.503195 seconds.
  path: Assets/Scripts/Laser.cs
  artifactKey: Guid(b5c81bc82d07a414f810e62d7d31572c) Importer(815301076,1909f56bfc062723c751e8b465ee728b)
Start importing Assets/Scripts/Laser.cs using Guid(b5c81bc82d07a414f810e62d7d31572c) Importer(815301076,1909f56bfc062723c751e8b465ee728b)  -> (artifact id: '72a9796bafa2cb0e57ab0d3cd6a0b98d') in 0.007545 seconds 
  Import took 0.009893 seconds .

========================================================================
Received Prepare
Registering precompiled user dll's ...
Registered in 0.002859 seconds.
Begin MonoManager ReloadAssembly
Native extension for WindowsStandalone target not found
Refreshing native plugins compatible for Editor in 0.32 ms, found 2 plugins.
Preloading 0 native plugins for Editor in 0.00 ms.
Mono: successfully reloaded assembly
- Completed reload, in  0.749 seconds
Domain Reload Profiling:
	ReloadAssembly (749ms)
		BeginReloadAssembly (82ms)
			ExecutionOrderSort (0ms)
			DisableScriptedObjects (4ms)
			BackupInstance (0ms)
			ReleaseScriptingObjects (0ms)
			CreateAndSetChildDomain (24ms)
		EndReloadAssembly (614ms)
			LoadAssemblies (67ms)
			RebuildTransferFunctionScriptingTraits (0ms)
			SetupTypeCache (206ms)
			ReleaseScriptCaches (1ms)
			RebuildScriptCaches (32ms)
			SetupLoadedEditorAssemblies (233ms)
				LogAssemblyErrors (0ms)
				InitializePlatformSupportModulesInManaged (4ms)
				SetLoadedEditorAssemblies (0ms)
				RefreshPlugins (0ms)
				BeforeProcessingInitializeOnLoad (72ms)
				ProcessInitializeOnLoadAttributes (147ms)
				ProcessInitializeOnLoadMethodAttributes (3ms)
				AfterProcessingInitializeOnLoad (7ms)
				EditorAssembliesLoaded (0ms)
			ExecutionOrderSort2 (0ms)
			AwakeInstancesAfterBackupRestoration (5ms)
Platform modules already initialized, skipping
Refreshing native plugins compatible for Editor in 0.29 ms, found 2 plugins.
Preloading 0 native plugins for Editor in 0.00 ms.
Unloading 1536 Unused Serialized files (Serialized files now loaded: 0)
System memory in use before: 86.9 MB.
System memory in use after: 87.0 MB.

Unloading 15 unused Assets to reduce memory usage. Loaded Objects now: 2036.
Total: 1.786400 ms (FindLiveObjects: 0.133300 ms CreateObjectMapping: 0.033500 ms MarkObjects: 1.574300 ms  DeleteObjects: 0.044300 ms)

AssetImportParameters requested are different than current active one (requested -> active):
  custom:framework-win-MediaFoundation: 216162199b28c13a410421893ffa2e32 -> 
  custom:video-decoder-ogg-theora: a1e56fd34408186e4bbccfd4996cb3dc -> 
  custom:container-muxer-webm: aa71ff27fc2769a1b78a27578f13a17b -> 
  custom:container-demuxer-webm: 4f35f7cbe854078d1ac9338744f61a02 -> 
  custom:container-demuxer-ogg: 62fdf1f143b41e24485cea50d1cbac27 -> 
  custom:video-encoder-webm-vp8: eb34c28f22e8b96e1ab97ce403110664 -> 
  custom:video-decoder-webm-vp8: 9c59270c3fd7afecdb556c50c9e8de78 -> 
  custom:audio-decoder-ogg-vorbis: bf7c407c2cedff20999df2af8eb42d56 -> 
  custom:audio-encoder-webm-vorbis: bf7c407c2cedff20999df2af8eb42d56 -> 
========================================================================
Received Prepare
Registering precompiled user dll's ...
Registered in 0.003190 seconds.
Begin MonoManager ReloadAssembly
Native extension for WindowsStandalone target not found
Refreshing native plugins compatible for Editor in 0.30 ms, found 2 plugins.
Preloading 0 native plugins for Editor in 0.00 ms.
Mono: successfully reloaded assembly
- Completed reload, in  0.738 seconds
Domain Reload Profiling:
	ReloadAssembly (738ms)
		BeginReloadAssembly (81ms)
			ExecutionOrderSort (0ms)
			DisableScriptedObjects (3ms)
			BackupInstance (0ms)
			ReleaseScriptingObjects (0ms)
			CreateAndSetChildDomain (23ms)
		EndReloadAssembly (605ms)
			LoadAssemblies (70ms)
			RebuildTransferFunctionScriptingTraits (0ms)
			SetupTypeCache (202ms)
			ReleaseScriptCaches (1ms)
			RebuildScriptCaches (32ms)
			SetupLoadedEditorAssemblies (227ms)
				LogAssemblyErrors (0ms)
				InitializePlatformSupportModulesInManaged (4ms)
				SetLoadedEditorAssemblies (0ms)
				RefreshPlugins (0ms)
				BeforeProcessingInitializeOnLoad (71ms)
				ProcessInitializeOnLoadAttributes (143ms)
				ProcessInitializeOnLoadMethodAttributes (3ms)
				AfterProcessingInitializeOnLoad (6ms)
				EditorAssembliesLoaded (0ms)
			ExecutionOrderSort2 (0ms)
			AwakeInstancesAfterBackupRestoration (5ms)
Platform modules already initialized, skipping
Refreshing native plugins compatible for Editor in 0.30 ms, found 2 plugins.
Preloading 0 native plugins for Editor in 0.00 ms.
Unloading 1536 Unused Serialized files (Serialized files now loaded: 0)
System memory in use before: 86.9 MB.
System memory in use after: 87.0 MB.

Unloading 15 unused Assets to reduce memory usage. Loaded Objects now: 2039.
Total: 1.584400 ms (FindLiveObjects: 0.132700 ms CreateObjectMapping: 0.033400 ms MarkObjects: 1.374100 ms  DeleteObjects: 0.043400 ms)

AssetImportParameters requested are different than current active one (requested -> active):
  custom:framework-win-MediaFoundation: 216162199b28c13a410421893ffa2e32 -> 
  custom:video-decoder-ogg-theora: a1e56fd34408186e4bbccfd4996cb3dc -> 
  custom:container-muxer-webm: aa71ff27fc2769a1b78a27578f13a17b -> 
  custom:container-demuxer-webm: 4f35f7cbe854078d1ac9338744f61a02 -> 
  custom:container-demuxer-ogg: 62fdf1f143b41e24485cea50d1cbac27 -> 
  custom:video-encoder-webm-vp8: eb34c28f22e8b96e1ab97ce403110664 -> 
  custom:video-decoder-webm-vp8: 9c59270c3fd7afecdb556c50c9e8de78 -> 
  custom:audio-decoder-ogg-vorbis: bf7c407c2cedff20999df2af8eb42d56 -> 
  custom:audio-encoder-webm-vorbis: bf7c407c2cedff20999df2af8eb42d56 -> 
========================================================================
Received Prepare
Registering precompiled user dll's ...
Registered in 0.002721 seconds.
Begin MonoManager ReloadAssembly
Native extension for WindowsStandalone target not found
Refreshing native plugins compatible for Editor in 0.31 ms, found 2 plugins.
Preloading 0 native plugins for Editor in 0.00 ms.
Mono: successfully reloaded assembly
- Completed reload, in  0.755 seconds
Domain Reload Profiling:
	ReloadAssembly (755ms)
		BeginReloadAssembly (82ms)
			ExecutionOrderSort (0ms)
			DisableScriptedObjects (3ms)
			BackupInstance (0ms)
			ReleaseScriptingObjects (0ms)
			CreateAndSetChildDomain (23ms)
		EndReloadAssembly (619ms)
			LoadAssemblies (69ms)
			RebuildTransferFunctionScriptingTraits (0ms)
			SetupTypeCache (212ms)
			ReleaseScriptCaches (1ms)
			RebuildScriptCaches (32ms)
			SetupLoadedEditorAssemblies (230ms)
				LogAssemblyErrors (0ms)
				InitializePlatformSupportModulesInManaged (4ms)
				SetLoadedEditorAssemblies (0ms)
				RefreshPlugins (0ms)
				BeforeProcessingInitializeOnLoad (71ms)
				ProcessInitializeOnLoadAttributes (144ms)
				ProcessInitializeOnLoadMethodAttributes (3ms)
				AfterProcessingInitializeOnLoad (6ms)
				EditorAssembliesLoaded (0ms)
			ExecutionOrderSort2 (0ms)
			AwakeInstancesAfterBackupRestoration (5ms)
Platform modules already initialized, skipping
Refreshing native plugins compatible for Editor in 0.36 ms, found 2 plugins.
Preloading 0 native plugins for Editor in 0.00 ms.
Unloading 1536 Unused Serialized files (Serialized files now loaded: 0)
System memory in use before: 86.9 MB.
System memory in use after: 87.0 MB.

Unloading 15 unused Assets to reduce memory usage. Loaded Objects now: 2042.
Total: 1.651800 ms (FindLiveObjects: 0.149300 ms CreateObjectMapping: 0.033900 ms MarkObjects: 1.423600 ms  DeleteObjects: 0.043900 ms)

AssetImportParameters requested are different than current active one (requested -> active):
  custom:framework-win-MediaFoundation: 216162199b28c13a410421893ffa2e32 -> 
  custom:video-decoder-ogg-theora: a1e56fd34408186e4bbccfd4996cb3dc -> 
  custom:container-muxer-webm: aa71ff27fc2769a1b78a27578f13a17b -> 
  custom:container-demuxer-webm: 4f35f7cbe854078d1ac9338744f61a02 -> 
  custom:container-demuxer-ogg: 62fdf1f143b41e24485cea50d1cbac27 -> 
  custom:video-encoder-webm-vp8: eb34c28f22e8b96e1ab97ce403110664 -> 
  custom:video-decoder-webm-vp8: 9c59270c3fd7afecdb556c50c9e8de78 -> 
  custom:audio-decoder-ogg-vorbis: bf7c407c2cedff20999df2af8eb42d56 -> 
  custom:audio-encoder-webm-vorbis: bf7c407c2cedff20999df2af8eb42d56 -> 
========================================================================
Received Prepare
Registering precompiled user dll's ...
Registered in 0.002752 seconds.
Begin MonoManager ReloadAssembly
Native extension for WindowsStandalone target not found
Refreshing native plugins compatible for Editor in 0.31 ms, found 2 plugins.
Preloading 0 native plugins for Editor in 0.00 ms.
Mono: successfully reloaded assembly
- Completed reload, in  0.764 seconds
Domain Reload Profiling:
	ReloadAssembly (764ms)
		BeginReloadAssembly (82ms)
			ExecutionOrderSort (0ms)
			DisableScriptedObjects (4ms)
			BackupInstance (0ms)
			ReleaseScriptingObjects (0ms)
			CreateAndSetChildDomain (23ms)
		EndReloadAssembly (629ms)
			LoadAssemblies (67ms)
			RebuildTransferFunctionScriptingTraits (0ms)
			SetupTypeCache (215ms)
			ReleaseScriptCaches (1ms)
			RebuildScriptCaches (34ms)
			SetupLoadedEditorAssemblies (234ms)
				LogAssemblyErrors (0ms)
				InitializePlatformSupportModulesInManaged (4ms)
				SetLoadedEditorAssemblies (0ms)
				RefreshPlugins (0ms)
				BeforeProcessingInitializeOnLoad (73ms)
				ProcessInitializeOnLoadAttributes (147ms)
				ProcessInitializeOnLoadMethodAttributes (3ms)
				AfterProcessingInitializeOnLoad (7ms)
				EditorAssembliesLoaded (0ms)
			ExecutionOrderSort2 (0ms)
			AwakeInstancesAfterBackupRestoration (5ms)
Platform modules already initialized, skipping
Refreshing native plugins compatible for Editor in 0.31 ms, found 2 plugins.
Preloading 0 native plugins for Editor in 0.00 ms.
Unloading 1536 Unused Serialized files (Serialized files now loaded: 0)
System memory in use before: 86.9 MB.
System memory in use after: 87.0 MB.

Unloading 15 unused Assets to reduce memory usage. Loaded Objects now: 2045.
Total: 1.666300 ms (FindLiveObjects: 0.178100 ms CreateObjectMapping: 0.038000 ms MarkObjects: 1.405500 ms  DeleteObjects: 0.043900 ms)

AssetImportParameters requested are different than current active one (requested -> active):
  custom:framework-win-MediaFoundation: 216162199b28c13a410421893ffa2e32 -> 
  custom:video-decoder-ogg-theora: a1e56fd34408186e4bbccfd4996cb3dc -> 
  custom:container-muxer-webm: aa71ff27fc2769a1b78a27578f13a17b -> 
  custom:container-demuxer-webm: 4f35f7cbe854078d1ac9338744f61a02 -> 
  custom:container-demuxer-ogg: 62fdf1f143b41e24485cea50d1cbac27 -> 
  custom:video-encoder-webm-vp8: eb34c28f22e8b96e1ab97ce403110664 -> 
  custom:video-decoder-webm-vp8: 9c59270c3fd7afecdb556c50c9e8de78 -> 
  custom:audio-decoder-ogg-vorbis: bf7c407c2cedff20999df2af8eb42d56 -> 
  custom:audio-encoder-webm-vorbis: bf7c407c2cedff20999df2af8eb42d56 -> 
========================================================================
Received Prepare
Registering precompiled user dll's ...
Registered in 0.002750 seconds.
Begin MonoManager ReloadAssembly
Native extension for WindowsStandalone target not found
Refreshing native plugins compatible for Editor in 0.31 ms, found 2 plugins.
Preloading 0 native plugins for Editor in 0.00 ms.
Mono: successfully reloaded assembly
- Completed reload, in  0.750 seconds
Domain Reload Profiling:
	ReloadAssembly (750ms)
		BeginReloadAssembly (83ms)
			ExecutionOrderSort (0ms)
			DisableScriptedObjects (3ms)
			BackupInstance (0ms)
			ReleaseScriptingObjects (0ms)
			CreateAndSetChildDomain (24ms)
		EndReloadAssembly (614ms)
			LoadAssemblies (68ms)
			RebuildTransferFunctionScriptingTraits (0ms)
			SetupTypeCache (206ms)
			ReleaseScriptCaches (1ms)
			RebuildScriptCaches (32ms)
			SetupLoadedEditorAssemblies (233ms)
				LogAssemblyErrors (0ms)
				InitializePlatformSupportModulesInManaged (4ms)
				SetLoadedEditorAssemblies (0ms)
				RefreshPlugins (0ms)
				BeforeProcessingInitializeOnLoad (73ms)
				ProcessInitializeOnLoadAttributes (145ms)
				ProcessInitializeOnLoadMethodAttributes (3ms)
				AfterProcessingInitializeOnLoad (7ms)
				EditorAssembliesLoaded (0ms)
			ExecutionOrderSort2 (0ms)
			AwakeInstancesAfterBackupRestoration (5ms)
Platform modules already initialized, skipping
Refreshing native plugins compatible for Editor in 0.31 ms, found 2 plugins.
Preloading 0 native plugins for Editor in 0.00 ms.
Unloading 1536 Unused Serialized files (Serialized files now loaded: 0)
System memory in use before: 86.9 MB.
System memory in use after: 87.0 MB.

Unloading 15 unused Assets to reduce memory usage. Loaded Objects now: 2048.
Total: 1.610200 ms (FindLiveObjects: 0.150100 ms CreateObjectMapping: 0.034100 ms MarkObjects: 1.374400 ms  DeleteObjects: 0.050500 ms)

AssetImportParameters requested are different than current active one (requested -> active):
  custom:framework-win-MediaFoundation: 216162199b28c13a410421893ffa2e32 -> 
  custom:video-decoder-ogg-theora: a1e56fd34408186e4bbccfd4996cb3dc -> 
  custom:container-muxer-webm: aa71ff27fc2769a1b78a27578f13a17b -> 
  custom:container-demuxer-webm: 4f35f7cbe854078d1ac9338744f61a02 -> 
  custom:container-demuxer-ogg: 62fdf1f143b41e24485cea50d1cbac27 -> 
  custom:video-encoder-webm-vp8: eb34c28f22e8b96e1ab97ce403110664 -> 
  custom:video-decoder-webm-vp8: 9c59270c3fd7afecdb556c50c9e8de78 -> 
  custom:audio-decoder-ogg-vorbis: bf7c407c2cedff20999df2af8eb42d56 -> 
  custom:audio-encoder-webm-vorbis: bf7c407c2cedff20999df2af8eb42d56 -> 
========================================================================
Received Prepare
Registering precompiled user dll's ...
Registered in 0.003430 seconds.
Begin MonoManager ReloadAssembly
Native extension for WindowsStandalone target not found
Refreshing native plugins compatible for Editor in 0.35 ms, found 2 plugins.
Preloading 0 native plugins for Editor in 0.00 ms.
Mono: successfully reloaded assembly
- Completed reload, in  0.862 seconds
Domain Reload Profiling:
	ReloadAssembly (862ms)
		BeginReloadAssembly (90ms)
			ExecutionOrderSort (0ms)
			DisableScriptedObjects (4ms)
			BackupInstance (0ms)
			ReleaseScriptingObjects (0ms)
			CreateAndSetChildDomain (27ms)
		EndReloadAssembly (714ms)
			LoadAssemblies (78ms)
			RebuildTransferFunctionScriptingTraits (0ms)
			SetupTypeCache (244ms)
			ReleaseScriptCaches (1ms)
			RebuildScriptCaches (37ms)
			SetupLoadedEditorAssemblies (267ms)
				LogAssemblyErrors (0ms)
				InitializePlatformSupportModulesInManaged (4ms)
				SetLoadedEditorAssemblies (0ms)
				RefreshPlugins (0ms)
				BeforeProcessingInitializeOnLoad (85ms)
				ProcessInitializeOnLoadAttributes (166ms)
				ProcessInitializeOnLoadMethodAttributes (3ms)
				AfterProcessingInitializeOnLoad (8ms)
				EditorAssembliesLoaded (0ms)
			ExecutionOrderSort2 (0ms)
			AwakeInstancesAfterBackupRestoration (5ms)
Platform modules already initialized, skipping
Refreshing native plugins compatible for Editor in 0.35 ms, found 2 plugins.
Preloading 0 native plugins for Editor in 0.00 ms.
Unloading 1536 Unused Serialized files (Serialized files now loaded: 0)
System memory in use before: 86.9 MB.
System memory in use after: 87.0 MB.

Unloading 15 unused Assets to reduce memory usage. Loaded Objects now: 2051.
Total: 1.732500 ms (FindLiveObjects: 0.174700 ms CreateObjectMapping: 0.034100 ms MarkObjects: 1.473700 ms  DeleteObjects: 0.048600 ms)

AssetImportParameters requested are different than current active one (requested -> active):
  custom:framework-win-MediaFoundation: 216162199b28c13a410421893ffa2e32 -> 
  custom:video-decoder-ogg-theora: a1e56fd34408186e4bbccfd4996cb3dc -> 
  custom:container-muxer-webm: aa71ff27fc2769a1b78a27578f13a17b -> 
  custom:container-demuxer-webm: 4f35f7cbe854078d1ac9338744f61a02 -> 
  custom:container-demuxer-ogg: 62fdf1f143b41e24485cea50d1cbac27 -> 
  custom:video-encoder-webm-vp8: eb34c28f22e8b96e1ab97ce403110664 -> 
  custom:video-decoder-webm-vp8: 9c59270c3fd7afecdb556c50c9e8de78 -> 
  custom:audio-decoder-ogg-vorbis: bf7c407c2cedff20999df2af8eb42d56 -> 
  custom:audio-encoder-webm-vorbis: bf7c407c2cedff20999df2af8eb42d56 -> 
========================================================================
Received Prepare
Registering precompiled user dll's ...
Registered in 0.002730 seconds.
Begin MonoManager ReloadAssembly
Native extension for WindowsStandalone target not found
Refreshing native plugins compatible for Editor in 0.30 ms, found 2 plugins.
Preloading 0 native plugins for Editor in 0.00 ms.
Mono: successfully reloaded assembly
- Completed reload, in  0.770 seconds
Domain Reload Profiling:
	ReloadAssembly (771ms)
		BeginReloadAssembly (84ms)
			ExecutionOrderSort (0ms)
			DisableScriptedObjects (3ms)
			BackupInstance (0ms)
			ReleaseScriptingObjects (0ms)
			CreateAndSetChildDomain (23ms)
		EndReloadAssembly (632ms)
			LoadAssemblies (68ms)
			RebuildTransferFunctionScriptingTraits (0ms)
			SetupTypeCache (221ms)
			ReleaseScriptCaches (1ms)
			RebuildScriptCaches (36ms)
			SetupLoadedEditorAssemblies (232ms)
				LogAssemblyErrors (0ms)
				InitializePlatformSupportModulesInManaged (4ms)
				SetLoadedEditorAssemblies (0ms)
				RefreshPlugins (0ms)
				BeforeProcessingInitializeOnLoad (73ms)
				ProcessInitializeOnLoadAttributes (146ms)
				ProcessInitializeOnLoadMethodAttributes (3ms)
				AfterProcessingInitializeOnLoad (6ms)
				EditorAssembliesLoaded (0ms)
			ExecutionOrderSort2 (0ms)
			AwakeInstancesAfterBackupRestoration (5ms)
Platform modules already initialized, skipping
Refreshing native plugins compatible for Editor in 0.31 ms, found 2 plugins.
Preloading 0 native plugins for Editor in 0.00 ms.
Unloading 1536 Unused Serialized files (Serialized files now loaded: 0)
System memory in use before: 86.9 MB.
System memory in use after: 87.0 MB.

Unloading 15 unused Assets to reduce memory usage. Loaded Objects now: 2054.
Total: 1.602500 ms (FindLiveObjects: 0.135900 ms CreateObjectMapping: 0.034900 ms MarkObjects: 1.382900 ms  DeleteObjects: 0.048100 ms)

AssetImportParameters requested are different than current active one (requested -> active):
  custom:framework-win-MediaFoundation: 216162199b28c13a410421893ffa2e32 -> 
  custom:video-decoder-ogg-theora: a1e56fd34408186e4bbccfd4996cb3dc -> 
  custom:container-muxer-webm: aa71ff27fc2769a1b78a27578f13a17b -> 
  custom:container-demuxer-webm: 4f35f7cbe854078d1ac9338744f61a02 -> 
  custom:container-demuxer-ogg: 62fdf1f143b41e24485cea50d1cbac27 -> 
  custom:video-encoder-webm-vp8: eb34c28f22e8b96e1ab97ce403110664 -> 
  custom:video-decoder-webm-vp8: 9c59270c3fd7afecdb556c50c9e8de78 -> 
  custom:audio-decoder-ogg-vorbis: bf7c407c2cedff20999df2af8eb42d56 -> 
  custom:audio-encoder-webm-vorbis: bf7c407c2cedff20999df2af8eb42d56 -> 
========================================================================
Received Prepare
Registering precompiled user dll's ...
Registered in 0.002801 seconds.
Begin MonoManager ReloadAssembly
Native extension for WindowsStandalone target not found
Refreshing native plugins compatible for Editor in 0.32 ms, found 2 plugins.
Preloading 0 native plugins for Editor in 0.00 ms.
Mono: successfully reloaded assembly
- Completed reload, in  0.762 seconds
Domain Reload Profiling:
	ReloadAssembly (762ms)
		BeginReloadAssembly (83ms)
			ExecutionOrderSort (0ms)
			DisableScriptedObjects (4ms)
			BackupInstance (0ms)
			ReleaseScriptingObjects (0ms)
			CreateAndSetChildDomain (25ms)
		EndReloadAssembly (627ms)
			LoadAssemblies (68ms)
			RebuildTransferFunctionScriptingTraits (0ms)
			SetupTypeCache (207ms)
			ReleaseScriptCaches (1ms)
			RebuildScriptCaches (33ms)
			SetupLoadedEditorAssemblies (235ms)
				LogAssemblyErrors (0ms)
				InitializePlatformSupportModulesInManaged (4ms)
				SetLoadedEditorAssemblies (0ms)
				RefreshPlugins (0ms)
				BeforeProcessingInitializeOnLoad (73ms)
				ProcessInitializeOnLoadAttributes (149ms)
				ProcessInitializeOnLoadMethodAttributes (3ms)
				AfterProcessingInitializeOnLoad (7ms)
				EditorAssembliesLoaded (0ms)
			ExecutionOrderSort2 (0ms)
			AwakeInstancesAfterBackupRestoration (5ms)
Platform modules already initialized, skipping
Refreshing native plugins compatible for Editor in 0.41 ms, found 2 plugins.
Preloading 0 native plugins for Editor in 0.00 ms.
Unloading 1536 Unused Serialized files (Serialized files now loaded: 0)
System memory in use before: 87.0 MB.
System memory in use after: 87.0 MB.

Unloading 15 unused Assets to reduce memory usage. Loaded Objects now: 2057.
Total: 1.629500 ms (FindLiveObjects: 0.141400 ms CreateObjectMapping: 0.033900 ms MarkObjects: 1.410100 ms  DeleteObjects: 0.042800 ms)

AssetImportParameters requested are different than current active one (requested -> active):
  custom:framework-win-MediaFoundation: 216162199b28c13a410421893ffa2e32 -> 
  custom:video-decoder-ogg-theora: a1e56fd34408186e4bbccfd4996cb3dc -> 
  custom:container-muxer-webm: aa71ff27fc2769a1b78a27578f13a17b -> 
  custom:container-demuxer-webm: 4f35f7cbe854078d1ac9338744f61a02 -> 
  custom:container-demuxer-ogg: 62fdf1f143b41e24485cea50d1cbac27 -> 
  custom:video-encoder-webm-vp8: eb34c28f22e8b96e1ab97ce403110664 -> 
  custom:video-decoder-webm-vp8: 9c59270c3fd7afecdb556c50c9e8de78 -> 
  custom:audio-decoder-ogg-vorbis: bf7c407c2cedff20999df2af8eb42d56 -> 
  custom:audio-encoder-webm-vorbis: bf7c407c2cedff20999df2af8eb42d56 -> 
========================================================================
Received Prepare
Registering precompiled user dll's ...
Registered in 0.002799 seconds.
Begin MonoManager ReloadAssembly
Native extension for WindowsStandalone target not found
Refreshing native plugins compatible for Editor in 0.31 ms, found 2 plugins.
Preloading 0 native plugins for Editor in 0.00 ms.
Mono: successfully reloaded assembly
- Completed reload, in  0.760 seconds
Domain Reload Profiling:
	ReloadAssembly (760ms)
		BeginReloadAssembly (80ms)
			ExecutionOrderSort (0ms)
			DisableScriptedObjects (3ms)
			BackupInstance (0ms)
			ReleaseScriptingObjects (0ms)
			CreateAndSetChildDomain (23ms)
		EndReloadAssembly (628ms)
			LoadAssemblies (65ms)
			RebuildTransferFunctionScriptingTraits (0ms)
			SetupTypeCache (218ms)
			ReleaseScriptCaches (1ms)
			RebuildScriptCaches (32ms)
			SetupLoadedEditorAssemblies (238ms)
				LogAssemblyErrors (0ms)
				InitializePlatformSupportModulesInManaged (4ms)
				SetLoadedEditorAssemblies (0ms)
				RefreshPlugins (0ms)
				BeforeProcessingInitializeOnLoad (76ms)
				ProcessInitializeOnLoadAttributes (147ms)
				ProcessInitializeOnLoadMethodAttributes (3ms)
				AfterProcessingInitializeOnLoad (7ms)
				EditorAssembliesLoaded (0ms)
			ExecutionOrderSort2 (0ms)
			AwakeInstancesAfterBackupRestoration (5ms)
Platform modules already initialized, skipping
Refreshing native plugins compatible for Editor in 0.31 ms, found 2 plugins.
Preloading 0 native plugins for Editor in 0.00 ms.
Unloading 1536 Unused Serialized files (Serialized files now loaded: 0)
System memory in use before: 87.0 MB.
System memory in use after: 87.0 MB.

Unloading 15 unused Assets to reduce memory usage. Loaded Objects now: 2060.
Total: 1.690500 ms (FindLiveObjects: 0.142400 ms CreateObjectMapping: 0.034300 ms MarkObjects: 1.466900 ms  DeleteObjects: 0.045900 ms)

AssetImportParameters requested are different than current active one (requested -> active):
  custom:framework-win-MediaFoundation: 216162199b28c13a410421893ffa2e32 -> 
  custom:video-decoder-ogg-theora: a1e56fd34408186e4bbccfd4996cb3dc -> 
  custom:container-muxer-webm: aa71ff27fc2769a1b78a27578f13a17b -> 
  custom:container-demuxer-webm: 4f35f7cbe854078d1ac9338744f61a02 -> 
  custom:container-demuxer-ogg: 62fdf1f143b41e24485cea50d1cbac27 -> 
  custom:video-encoder-webm-vp8: eb34c28f22e8b96e1ab97ce403110664 -> 
  custom:video-decoder-webm-vp8: 9c59270c3fd7afecdb556c50c9e8de78 -> 
  custom:audio-decoder-ogg-vorbis: bf7c407c2cedff20999df2af8eb42d56 -> 
  custom:audio-encoder-webm-vorbis: bf7c407c2cedff20999df2af8eb42d56 -> 
========================================================================
Received Prepare
Registering precompiled user dll's ...
Registered in 0.002691 seconds.
Begin MonoManager ReloadAssembly
Native extension for WindowsStandalone target not found
Refreshing native plugins compatible for Editor in 0.30 ms, found 2 plugins.
Preloading 0 native plugins for Editor in 0.00 ms.
Mono: successfully reloaded assembly
- Completed reload, in  0.743 seconds
Domain Reload Profiling:
	ReloadAssembly (743ms)
		BeginReloadAssembly (84ms)
			ExecutionOrderSort (0ms)
			DisableScriptedObjects (3ms)
			BackupInstance (0ms)
			ReleaseScriptingObjects (0ms)
			CreateAndSetChildDomain (26ms)
		EndReloadAssembly (606ms)
			LoadAssemblies (65ms)
			RebuildTransferFunctionScriptingTraits (0ms)
			SetupTypeCache (203ms)
			ReleaseScriptCaches (1ms)
			RebuildScriptCaches (32ms)
			SetupLoadedEditorAssemblies (230ms)
				LogAssemblyErrors (0ms)
				InitializePlatformSupportModulesInManaged (4ms)
				SetLoadedEditorAssemblies (0ms)
				RefreshPlugins (0ms)
				BeforeProcessingInitializeOnLoad (71ms)
				ProcessInitializeOnLoadAttributes (144ms)
				ProcessInitializeOnLoadMethodAttributes (3ms)
				AfterProcessingInitializeOnLoad (7ms)
				EditorAssembliesLoaded (0ms)
			ExecutionOrderSort2 (0ms)
			AwakeInstancesAfterBackupRestoration (5ms)
Platform modules already initialized, skipping
Refreshing native plugins compatible for Editor in 0.29 ms, found 2 plugins.
Preloading 0 native plugins for Editor in 0.00 ms.
Unloading 1536 Unused Serialized files (Serialized files now loaded: 0)
System memory in use before: 87.0 MB.
System memory in use after: 87.1 MB.

Unloading 15 unused Assets to reduce memory usage. Loaded Objects now: 2063.
Total: 1.616100 ms (FindLiveObjects: 0.142900 ms CreateObjectMapping: 0.033900 ms MarkObjects: 1.393900 ms  DeleteObjects: 0.044500 ms)

AssetImportParameters requested are different than current active one (requested -> active):
  custom:framework-win-MediaFoundation: 216162199b28c13a410421893ffa2e32 -> 
  custom:video-decoder-ogg-theora: a1e56fd34408186e4bbccfd4996cb3dc -> 
  custom:container-muxer-webm: aa71ff27fc2769a1b78a27578f13a17b -> 
  custom:container-demuxer-webm: 4f35f7cbe854078d1ac9338744f61a02 -> 
  custom:container-demuxer-ogg: 62fdf1f143b41e24485cea50d1cbac27 -> 
  custom:video-encoder-webm-vp8: eb34c28f22e8b96e1ab97ce403110664 -> 
  custom:video-decoder-webm-vp8: 9c59270c3fd7afecdb556c50c9e8de78 -> 
  custom:audio-decoder-ogg-vorbis: bf7c407c2cedff20999df2af8eb42d56 -> 
  custom:audio-encoder-webm-vorbis: bf7c407c2cedff20999df2af8eb42d56 -> 
========================================================================
Received Prepare
Registering precompiled user dll's ...
Registered in 0.002802 seconds.
Begin MonoManager ReloadAssembly
Native extension for WindowsStandalone target not found
Refreshing native plugins compatible for Editor in 0.30 ms, found 2 plugins.
Preloading 0 native plugins for Editor in 0.00 ms.
Mono: successfully reloaded assembly
- Completed reload, in  0.750 seconds
Domain Reload Profiling:
	ReloadAssembly (751ms)
		BeginReloadAssembly (81ms)
			ExecutionOrderSort (0ms)
			DisableScriptedObjects (4ms)
			BackupInstance (0ms)
			ReleaseScriptingObjects (0ms)
			CreateAndSetChildDomain (24ms)
		EndReloadAssembly (617ms)
			LoadAssemblies (66ms)
			RebuildTransferFunctionScriptingTraits (0ms)
			SetupTypeCache (207ms)
			ReleaseScriptCaches (1ms)
			RebuildScriptCaches (34ms)
			SetupLoadedEditorAssemblies (234ms)
				LogAssemblyErrors (0ms)
				InitializePlatformSupportModulesInManaged (4ms)
				SetLoadedEditorAssemblies (0ms)
				RefreshPlugins (0ms)
				BeforeProcessingInitializeOnLoad (75ms)
				ProcessInitializeOnLoadAttributes (144ms)
				ProcessInitializeOnLoadMethodAttributes (4ms)
				AfterProcessingInitializeOnLoad (7ms)
				EditorAssembliesLoaded (0ms)
			ExecutionOrderSort2 (0ms)
			AwakeInstancesAfterBackupRestoration (5ms)
Platform modules already initialized, skipping
Refreshing native plugins compatible for Editor in 0.30 ms, found 2 plugins.
Preloading 0 native plugins for Editor in 0.00 ms.
Unloading 1536 Unused Serialized files (Serialized files now loaded: 0)
System memory in use before: 87.0 MB.
System memory in use after: 87.1 MB.

Unloading 15 unused Assets to reduce memory usage. Loaded Objects now: 2066.
Total: 1.608400 ms (FindLiveObjects: 0.141900 ms CreateObjectMapping: 0.034100 ms MarkObjects: 1.386400 ms  DeleteObjects: 0.045200 ms)

AssetImportParameters requested are different than current active one (requested -> active):
  custom:framework-win-MediaFoundation: 216162199b28c13a410421893ffa2e32 -> 
  custom:video-decoder-ogg-theora: a1e56fd34408186e4bbccfd4996cb3dc -> 
  custom:container-muxer-webm: aa71ff27fc2769a1b78a27578f13a17b -> 
  custom:container-demuxer-webm: 4f35f7cbe854078d1ac9338744f61a02 -> 
  custom:container-demuxer-ogg: 62fdf1f143b41e24485cea50d1cbac27 -> 
  custom:video-encoder-webm-vp8: eb34c28f22e8b96e1ab97ce403110664 -> 
  custom:video-decoder-webm-vp8: 9c59270c3fd7afecdb556c50c9e8de78 -> 
  custom:audio-decoder-ogg-vorbis: bf7c407c2cedff20999df2af8eb42d56 -> 
  custom:audio-encoder-webm-vorbis: bf7c407c2cedff20999df2af8eb42d56 -> 
========================================================================
Received Import Request.
  Time since last request: 2069.083062 seconds.
  path: Assets/3D-Assets/New Material.mat
  artifactKey: Guid(3babdd3baa45f0947b325f986cdf33fe) Importer(815301076,1909f56bfc062723c751e8b465ee728b)
Start importing Assets/3D-Assets/New Material.mat using Guid(3babdd3baa45f0947b325f986cdf33fe) Importer(815301076,1909f56bfc062723c751e8b465ee728b)  -> (artifact id: 'eedaf237997adc1b69a43d7abbf9a6d1') in 0.062481 seconds 
  Import took 0.064938 seconds .

========================================================================
Received Prepare
Registering precompiled user dll's ...
Registered in 0.002678 seconds.
Begin MonoManager ReloadAssembly
Native extension for WindowsStandalone target not found
Refreshing native plugins compatible for Editor in 0.31 ms, found 2 plugins.
Preloading 0 native plugins for Editor in 0.00 ms.
Mono: successfully reloaded assembly
- Completed reload, in  0.754 seconds
Domain Reload Profiling:
	ReloadAssembly (754ms)
		BeginReloadAssembly (85ms)
			ExecutionOrderSort (0ms)
			DisableScriptedObjects (3ms)
			BackupInstance (0ms)
			ReleaseScriptingObjects (0ms)
			CreateAndSetChildDomain (26ms)
		EndReloadAssembly (616ms)
			LoadAssemblies (68ms)
			RebuildTransferFunctionScriptingTraits (0ms)
			SetupTypeCache (210ms)
			ReleaseScriptCaches (1ms)
			RebuildScriptCaches (32ms)
			SetupLoadedEditorAssemblies (228ms)
				LogAssemblyErrors (0ms)
				InitializePlatformSupportModulesInManaged (4ms)
				SetLoadedEditorAssemblies (0ms)
				RefreshPlugins (0ms)
				BeforeProcessingInitializeOnLoad (72ms)
				ProcessInitializeOnLoadAttributes (142ms)
				ProcessInitializeOnLoadMethodAttributes (3ms)
				AfterProcessingInitializeOnLoad (6ms)
				EditorAssembliesLoaded (0ms)
			ExecutionOrderSort2 (0ms)
			AwakeInstancesAfterBackupRestoration (5ms)
Platform modules already initialized, skipping
Refreshing native plugins compatible for Editor in 0.31 ms, found 2 plugins.
Preloading 0 native plugins for Editor in 0.00 ms.
Unloading 1537 Unused Serialized files (Serialized files now loaded: 0)
System memory in use before: 87.0 MB.
System memory in use after: 87.1 MB.

Unloading 15 unused Assets to reduce memory usage. Loaded Objects now: 2071.
Total: 1.689300 ms (FindLiveObjects: 0.157300 ms CreateObjectMapping: 0.033500 ms MarkObjects: 1.451700 ms  DeleteObjects: 0.046100 ms)

AssetImportParameters requested are different than current active one (requested -> active):
  custom:framework-win-MediaFoundation: 216162199b28c13a410421893ffa2e32 -> 
  custom:video-decoder-ogg-theora: a1e56fd34408186e4bbccfd4996cb3dc -> 
  custom:container-muxer-webm: aa71ff27fc2769a1b78a27578f13a17b -> 
  custom:container-demuxer-webm: 4f35f7cbe854078d1ac9338744f61a02 -> 
  custom:container-demuxer-ogg: 62fdf1f143b41e24485cea50d1cbac27 -> 
  custom:video-encoder-webm-vp8: eb34c28f22e8b96e1ab97ce403110664 -> 
  custom:video-decoder-webm-vp8: 9c59270c3fd7afecdb556c50c9e8de78 -> 
  custom:audio-decoder-ogg-vorbis: bf7c407c2cedff20999df2af8eb42d56 -> 
  custom:audio-encoder-webm-vorbis: bf7c407c2cedff20999df2af8eb42d56 -> 
========================================================================
Received Import Request.
  Time since last request: 77.465338 seconds.
  path: Assets/GameEvents.cs
  artifactKey: Guid(f4023b6e737828441bb22d00e0a0d625) Importer(815301076,1909f56bfc062723c751e8b465ee728b)
Start importing Assets/GameEvents.cs using Guid(f4023b6e737828441bb22d00e0a0d625) Importer(815301076,1909f56bfc062723c751e8b465ee728b)  -> (artifact id: '3ac03eb6ea906e7d506d363b4caea885') in 0.006947 seconds 
  Import took 0.009226 seconds .

========================================================================
Received Import Request.
  Time since last request: 0.001013 seconds.
  path: Assets/GameEvents.cs
  artifactKey: Guid(f4023b6e737828441bb22d00e0a0d625) Importer(815301076,1909f56bfc062723c751e8b465ee728b)
Start importing Assets/GameEvents.cs using Guid(f4023b6e737828441bb22d00e0a0d625) Importer(815301076,1909f56bfc062723c751e8b465ee728b)  -> (artifact id: '3ac03eb6ea906e7d506d363b4caea885') in 0.001695 seconds 
  Import took 0.003536 seconds .

========================================================================
Received Prepare
Registering precompiled user dll's ...
Registered in 0.002751 seconds.
Begin MonoManager ReloadAssembly
Native extension for WindowsStandalone target not found
Refreshing native plugins compatible for Editor in 0.30 ms, found 2 plugins.
Preloading 0 native plugins for Editor in 0.00 ms.
Mono: successfully reloaded assembly
- Completed reload, in  0.749 seconds
Domain Reload Profiling:
	ReloadAssembly (750ms)
		BeginReloadAssembly (82ms)
			ExecutionOrderSort (0ms)
			DisableScriptedObjects (3ms)
			BackupInstance (0ms)
			ReleaseScriptingObjects (0ms)
			CreateAndSetChildDomain (24ms)
		EndReloadAssembly (613ms)
			LoadAssemblies (69ms)
			RebuildTransferFunctionScriptingTraits (0ms)
			SetupTypeCache (206ms)
			ReleaseScriptCaches (1ms)
			RebuildScriptCaches (34ms)
			SetupLoadedEditorAssemblies (228ms)
				LogAssemblyErrors (0ms)
				InitializePlatformSupportModulesInManaged (4ms)
				SetLoadedEditorAssemblies (0ms)
				RefreshPlugins (0ms)
				BeforeProcessingInitializeOnLoad (71ms)
				ProcessInitializeOnLoadAttributes (143ms)
				ProcessInitializeOnLoadMethodAttributes (3ms)
				AfterProcessingInitializeOnLoad (6ms)
				EditorAssembliesLoaded (0ms)
			ExecutionOrderSort2 (0ms)
			AwakeInstancesAfterBackupRestoration (5ms)
Platform modules already initialized, skipping
Refreshing native plugins compatible for Editor in 0.30 ms, found 2 plugins.
Preloading 0 native plugins for Editor in 0.00 ms.
Unloading 1537 Unused Serialized files (Serialized files now loaded: 0)
System memory in use before: 87.0 MB.
System memory in use after: 87.1 MB.

Unloading 15 unused Assets to reduce memory usage. Loaded Objects now: 2074.
Total: 1.621700 ms (FindLiveObjects: 0.141200 ms CreateObjectMapping: 0.033700 ms MarkObjects: 1.400500 ms  DeleteObjects: 0.045300 ms)

AssetImportParameters requested are different than current active one (requested -> active):
  custom:framework-win-MediaFoundation: 216162199b28c13a410421893ffa2e32 -> 
  custom:video-decoder-ogg-theora: a1e56fd34408186e4bbccfd4996cb3dc -> 
  custom:container-muxer-webm: aa71ff27fc2769a1b78a27578f13a17b -> 
  custom:container-demuxer-webm: 4f35f7cbe854078d1ac9338744f61a02 -> 
  custom:container-demuxer-ogg: 62fdf1f143b41e24485cea50d1cbac27 -> 
  custom:video-encoder-webm-vp8: eb34c28f22e8b96e1ab97ce403110664 -> 
  custom:video-decoder-webm-vp8: 9c59270c3fd7afecdb556c50c9e8de78 -> 
  custom:audio-decoder-ogg-vorbis: bf7c407c2cedff20999df2af8eb42d56 -> 
  custom:audio-encoder-webm-vorbis: bf7c407c2cedff20999df2af8eb42d56 -> 
========================================================================
Received Prepare
Registering precompiled user dll's ...
Registered in 0.002666 seconds.
Begin MonoManager ReloadAssembly
Native extension for WindowsStandalone target not found
Refreshing native plugins compatible for Editor in 0.32 ms, found 2 plugins.
Preloading 0 native plugins for Editor in 0.00 ms.
Mono: successfully reloaded assembly
- Completed reload, in  0.750 seconds
Domain Reload Profiling:
	ReloadAssembly (750ms)
		BeginReloadAssembly (82ms)
			ExecutionOrderSort (0ms)
			DisableScriptedObjects (3ms)
			BackupInstance (0ms)
			ReleaseScriptingObjects (0ms)
			CreateAndSetChildDomain (23ms)
		EndReloadAssembly (614ms)
			LoadAssemblies (69ms)
			RebuildTransferFunctionScriptingTraits (0ms)
			SetupTypeCache (205ms)
			ReleaseScriptCaches (1ms)
			RebuildScriptCaches (32ms)
			SetupLoadedEditorAssemblies (234ms)
				LogAssemblyErrors (0ms)
				InitializePlatformSupportModulesInManaged (4ms)
				SetLoadedEditorAssemblies (0ms)
				RefreshPlugins (0ms)
				BeforeProcessingInitializeOnLoad (72ms)
				ProcessInitializeOnLoadAttributes (148ms)
				ProcessInitializeOnLoadMethodAttributes (3ms)
				AfterProcessingInitializeOnLoad (7ms)
				EditorAssembliesLoaded (0ms)
			ExecutionOrderSort2 (0ms)
			AwakeInstancesAfterBackupRestoration (5ms)
Platform modules already initialized, skipping
Refreshing native plugins compatible for Editor in 0.29 ms, found 2 plugins.
Preloading 0 native plugins for Editor in 0.00 ms.
Unloading 1537 Unused Serialized files (Serialized files now loaded: 0)
System memory in use before: 87.0 MB.
System memory in use after: 87.1 MB.

Unloading 15 unused Assets to reduce memory usage. Loaded Objects now: 2077.
Total: 1.630100 ms (FindLiveObjects: 0.136000 ms CreateObjectMapping: 0.034300 ms MarkObjects: 1.415200 ms  DeleteObjects: 0.043700 ms)

AssetImportParameters requested are different than current active one (requested -> active):
  custom:framework-win-MediaFoundation: 216162199b28c13a410421893ffa2e32 -> 
  custom:video-decoder-ogg-theora: a1e56fd34408186e4bbccfd4996cb3dc -> 
  custom:container-muxer-webm: aa71ff27fc2769a1b78a27578f13a17b -> 
  custom:container-demuxer-webm: 4f35f7cbe854078d1ac9338744f61a02 -> 
  custom:container-demuxer-ogg: 62fdf1f143b41e24485cea50d1cbac27 -> 
  custom:video-encoder-webm-vp8: eb34c28f22e8b96e1ab97ce403110664 -> 
  custom:video-decoder-webm-vp8: 9c59270c3fd7afecdb556c50c9e8de78 -> 
  custom:audio-decoder-ogg-vorbis: bf7c407c2cedff20999df2af8eb42d56 -> 
  custom:audio-encoder-webm-vorbis: bf7c407c2cedff20999df2af8eb42d56 -> 
AssetImportWorkerClient::OnTransportError - code=2 error=End of file
